<?xml version="1.0" encoding="UTF-8"?>
<!-- Generated by org.testng.reporters.JUnitReportReporter -->
<testsuite skipped="0" hostname="DESKTOP-SOA08S7" name="com.web.testCases.BorrowerEducationDetailsTest" tests="1" failures="0" timestamp="22 Apr 2019 09:33:03 GMT" time="0.010" errors="1">
  <testcase name="enterValidEducationDetails" time="0.010" classname="com.web.testCases.BorrowerEducationDetailsTest">
    <error type="java.lang.StackOverflowError">
      <![CDATA[java.lang.StackOverflowError
at com.web.testCases.BorrowerEducationDetailsTest.enterValidEducationDetails(BorrowerEducationDetailsTest.java:13)
at com.web.testCases.BorrowerEducationDetailsTest.enterValidEducationDetails(BorrowerEducationDetailsTest.java:13)
at com.web.testCases.BorrowerEducationDetailsTest.enterValidEducationDetails(BorrowerEducationDetailsTest.java:13)
at com.web.testCases.BorrowerEducationDetailsTest.enterValidEducationDetails(BorrowerEducationDetailsTest.java:13)
at com.web.testCases.BorrowerEducationDetailsTest.enterValidEducationDetails(BorrowerEducationDetailsTest.java:13)
at com.web.testCases.BorrowerEducationDetailsTest.enterValidEducationDetails(BorrowerEducationDetailsTest.java:13)
at com.web.testCases.BorrowerEducationDetailsTest.enterValidEducationDetails(BorrowerEducationDetailsTest.java:13)
at com.web.testCases.BorrowerEducationDetailsTest.enterValidEducationDetails(BorrowerEducationDetailsTest.java:13)
at com.web.testCases.BorrowerEducationDetailsTest.enterValidEducationDetails(BorrowerEducationDetailsTest.java:13)
at com.web.testCases.BorrowerEducationDetailsTest.enterValidEducationDetails(BorrowerEducationDetailsTest.java:13)
at com.web.testCases.BorrowerEducationDetailsTest.enterValidEducationDetails(BorrowerEducationDetailsTest.java:13)
at com.web.testCases.BorrowerEducationDetailsTest.enterValidEducationDetails(BorrowerEducationDetailsTest.java:13)
at com.web.testCases.BorrowerEducationDetailsTest.enterValidEducationDetails(BorrowerEducationDetailsTest.java:13)
at com.web.testCases.BorrowerEducationDetailsTest.enterValidEducationDetails(BorrowerEducationDetailsTest.java:13)
at com.web.testCases.BorrowerEducationDetailsTest.enterValidEducationDetails(BorrowerEducationDetailsTest.java:13)
at com.web.testCases.BorrowerEducationDetailsTest.enterValidEducationDetails(BorrowerEducationDetailsTest.java:13)
at com.web.testCases.BorrowerEducationDetailsTest.enterValidEducationDetails(BorrowerEducationDetailsTest.java:13)
at com.web.testCases.BorrowerEducationDetailsTest.enterValidEducationDetails(BorrowerEducationDetailsTest.java:13)
at com.web.testCases.BorrowerEducationDetailsTest.enterValidEducationDetails(BorrowerEducationDetailsTest.java:13)
at com.web.testCases.BorrowerEducationDetailsTest.enterValidEducationDetails(BorrowerEducationDetailsTest.java:13)
at com.web.testCases.BorrowerEducationDetailsTest.enterValidEducationDetails(BorrowerEducationDetailsTest.java:13)
at com.web.testCases.BorrowerEducationDetailsTest.enterValidEducationDetails(BorrowerEducationDetailsTest.java:13)
at com.web.testCases.BorrowerEducationDetailsTest.enterValidEducationDetails(BorrowerEducationDetailsTest.java:13)
at com.web.testCases.BorrowerEducationDetailsTest.enterValidEducationDetails(BorrowerEducationDetailsTest.java:13)
at com.web.testCases.BorrowerEducationDetailsTest.enterValidEducationDetails(BorrowerEducationDetailsTest.java:13)
at com.web.testCases.BorrowerEducationDetailsTest.enterValidEducationDetails(BorrowerEducationDetailsTest.java:13)
at com.web.testCases.BorrowerEducationDetailsTest.enterValidEducationDetails(BorrowerEducationDetailsTest.java:13)
at com.web.testCases.BorrowerEducationDetailsTest.enterValidEducationDetails(BorrowerEducationDetailsTest.java:13)
at com.web.testCases.BorrowerEducationDetailsTest.enterValidEducationDetails(BorrowerEducationDetailsTest.java:13)
at com.web.testCases.BorrowerEducationDetailsTest.enterValidEducationDetails(BorrowerEducationDetailsTest.java:13)
at com.web.testCases.BorrowerEducationDetailsTest.enterValidEducationDetails(BorrowerEducationDetailsTest.java:13)
at com.web.testCases.BorrowerEducationDetailsTest.enterValidEducationDetails(BorrowerEducationDetailsTest.java:13)
at com.web.testCases.BorrowerEducationDetailsTest.enterValidEducationDetails(BorrowerEducationDetailsTest.java:13)
at com.web.testCases.BorrowerEducationDetailsTest.enterValidEducationDetails(BorrowerEducationDetailsTest.java:13)
at com.web.testCases.BorrowerEducationDetailsTest.enterValidEducationDetails(BorrowerEducationDetailsTest.java:13)
at com.web.testCases.BorrowerEducationDetailsTest.enterValidEducationDetails(BorrowerEducationDetailsTest.java:13)
at com.web.testCases.BorrowerEducationDetailsTest.enterValidEducationDetails(BorrowerEducationDetailsTest.java:13)
at com.web.testCases.BorrowerEducationDetailsTest.enterValidEducationDetails(BorrowerEducationDetailsTest.java:13)
at com.web.testCases.BorrowerEducationDetailsTest.enterValidEducationDetails(BorrowerEducationDetailsTest.java:13)
at com.web.testCases.BorrowerEducationDetailsTest.enterValidEducationDetails(BorrowerEducationDetailsTest.java:13)
at com.web.testCases.BorrowerEducationDetailsTest.enterValidEducationDetails(BorrowerEducationDetailsTest.java:13)
at com.web.testCases.BorrowerEducationDetailsTest.enterValidEducationDetails(BorrowerEducationDetailsTest.java:13)
at com.web.testCases.BorrowerEducationDetailsTest.enterValidEducationDetails(BorrowerEducationDetailsTest.java:13)
at com.web.testCases.BorrowerEducationDetailsTest.enterValidEducationDetails(BorrowerEducationDetailsTest.java:13)
at com.web.testCases.BorrowerEducationDetailsTest.enterValidEducationDetails(BorrowerEducationDetailsTest.java:13)
at com.web.testCases.BorrowerEducationDetailsTest.enterValidEducationDetails(BorrowerEducationDetailsTest.java:13)
at com.web.testCases.BorrowerEducationDetailsTest.enterValidEducationDetails(BorrowerEducationDetailsTest.java:13)
at com.web.testCases.BorrowerEducationDetailsTest.enterValidEducationDetails(BorrowerEducationDetailsTest.java:13)
at com.web.testCases.BorrowerEducationDetailsTest.enterValidEducationDetails(BorrowerEducationDetailsTest.java:13)
at com.web.testCases.BorrowerEducationDetailsTest.enterValidEducationDetails(BorrowerEducationDetailsTest.java:13)
at com.web.testCases.BorrowerEducationDetailsTest.enterValidEducationDetails(BorrowerEducationDetailsTest.java:13)
at com.web.testCases.BorrowerEducationDetailsTest.enterValidEducationDetails(BorrowerEducationDetailsTest.java:13)
at com.web.testCases.BorrowerEducationDetailsTest.enterValidEducationDetails(BorrowerEducationDetailsTest.java:13)
at com.web.testCases.BorrowerEducationDetailsTest.enterValidEducationDetails(BorrowerEducationDetailsTest.java:13)
at com.web.testCases.BorrowerEducationDetailsTest.enterValidEducationDetails(BorrowerEducationDetailsTest.java:13)
at com.web.testCases.BorrowerEducationDetailsTest.enterValidEducationDetails(BorrowerEducationDetailsTest.java:13)
at com.web.testCases.BorrowerEducationDetailsTest.enterValidEducationDetails(BorrowerEducationDetailsTest.java:13)
at com.web.testCases.BorrowerEducationDetailsTest.enterValidEducationDetails(BorrowerEducationDetailsTest.java:13)
at com.web.testCases.BorrowerEducationDetailsTest.enterValidEducationDetails(BorrowerEducationDetailsTest.java:13)
at com.web.testCases.BorrowerEducationDetailsTest.enterValidEducationDetails(BorrowerEducationDetailsTest.java:13)
at com.web.testCases.BorrowerEducationDetailsTest.enterValidEducationDetails(BorrowerEducationDetailsTest.java:13)
at com.web.testCases.BorrowerEducationDetailsTest.enterValidEducationDetails(BorrowerEducationDetailsTest.java:13)
at com.web.testCases.BorrowerEducationDetailsTest.enterValidEducationDetails(BorrowerEducationDetailsTest.java:13)
at com.web.testCases.BorrowerEducationDetailsTest.enterValidEducationDetails(BorrowerEducationDetailsTest.java:13)
at com.web.testCases.BorrowerEducationDetailsTest.enterValidEducationDetails(BorrowerEducationDetailsTest.java:13)
at com.web.testCases.BorrowerEducationDetailsTest.enterValidEducationDetails(BorrowerEducationDetailsTest.java:13)
at com.web.testCases.BorrowerEducationDetailsTest.enterValidEducationDetails(BorrowerEducationDetailsTest.java:13)
at com.web.testCases.BorrowerEducationDetailsTest.enterValidEducationDetails(BorrowerEducationDetailsTest.java:13)
at com.web.testCases.BorrowerEducationDetailsTest.enterValidEducationDetails(BorrowerEducationDetailsTest.java:13)
at com.web.testCases.BorrowerEducationDetailsTest.enterValidEducationDetails(BorrowerEducationDetailsTest.java:13)
at com.web.testCases.BorrowerEducationDetailsTest.enterValidEducationDetails(BorrowerEducationDetailsTest.java:13)
at com.web.testCases.BorrowerEducationDetailsTest.enterValidEducationDetails(BorrowerEducationDetailsTest.java:13)
at com.web.testCases.BorrowerEducationDetailsTest.enterValidEducationDetails(BorrowerEducationDetailsTest.java:13)
at com.web.testCases.BorrowerEducationDetailsTest.enterValidEducationDetails(BorrowerEducationDetailsTest.java:13)
at com.web.testCases.BorrowerEducationDetailsTest.enterValidEducationDetails(BorrowerEducationDetailsTest.java:13)
at com.web.testCases.BorrowerEducationDetailsTest.enterValidEducationDetails(BorrowerEducationDetailsTest.java:13)
at com.web.testCases.BorrowerEducationDetailsTest.enterValidEducationDetails(BorrowerEducationDetailsTest.java:13)
at com.web.testCases.BorrowerEducationDetailsTest.enterValidEducationDetails(BorrowerEducationDetailsTest.java:13)
at com.web.testCases.BorrowerEducationDetailsTest.enterValidEducationDetails(BorrowerEducationDetailsTest.java:13)
at com.web.testCases.BorrowerEducationDetailsTest.enterValidEducationDetails(BorrowerEducationDetailsTest.java:13)
at com.web.testCases.BorrowerEducationDetailsTest.enterValidEducationDetails(BorrowerEducationDetailsTest.java:13)
at com.web.testCases.BorrowerEducationDetailsTest.enterValidEducationDetails(BorrowerEducationDetailsTest.java:13)
at com.web.testCases.BorrowerEducationDetailsTest.enterValidEducationDetails(BorrowerEducationDetailsTest.java:13)
at com.web.testCases.BorrowerEducationDetailsTest.enterValidEducationDetails(BorrowerEducationDetailsTest.java:13)
at com.web.testCases.BorrowerEducationDetailsTest.enterValidEducationDetails(BorrowerEducationDetailsTest.java:13)
at com.web.testCases.BorrowerEducationDetailsTest.enterValidEducationDetails(BorrowerEducationDetailsTest.java:13)
at com.web.testCases.BorrowerEducationDetailsTest.enterValidEducationDetails(BorrowerEducationDetailsTest.java:13)
at com.web.testCases.BorrowerEducationDetailsTest.enterValidEducationDetails(BorrowerEducationDetailsTest.java:13)
at com.web.testCases.BorrowerEducationDetailsTest.enterValidEducationDetails(BorrowerEducationDetailsTest.java:13)
at com.web.testCases.BorrowerEducationDetailsTest.enterValidEducationDetails(BorrowerEducationDetailsTest.java:13)
at com.web.testCases.BorrowerEducationDetailsTest.enterValidEducationDetails(BorrowerEducationDetailsTest.java:13)
at com.web.testCases.BorrowerEducationDetailsTest.enterValidEducationDetails(BorrowerEducationDetailsTest.java:13)
at com.web.testCases.BorrowerEducationDetailsTest.enterValidEducationDetails(BorrowerEducationDetailsTest.java:13)
at com.web.testCases.BorrowerEducationDetailsTest.enterValidEducationDetails(BorrowerEducationDetailsTest.java:13)
at com.web.testCases.BorrowerEducationDetailsTest.enterValidEducationDetails(BorrowerEducationDetailsTest.java:13)
at com.web.testCases.BorrowerEducationDetailsTest.enterValidEducationDetails(BorrowerEducationDetailsTest.java:13)
at com.web.testCases.BorrowerEducationDetailsTest.enterValidEducationDetails(BorrowerEducationDetailsTest.java:13)
at com.web.testCases.BorrowerEducationDetailsTest.enterValidEducationDetails(BorrowerEducationDetailsTest.java:13)
at com.web.testCases.BorrowerEducationDetailsTest.enterValidEducationDetails(BorrowerEducationDetailsTest.java:13)
at com.web.testCases.BorrowerEducationDetailsTest.enterValidEducationDetails(BorrowerEducationDetailsTest.java:13)
at com.web.testCases.BorrowerEducationDetailsTest.enterValidEducationDetails(BorrowerEducationDetailsTest.java:13)
at com.web.testCases.BorrowerEducationDetailsTest.enterValidEducationDetails(BorrowerEducationDetailsTest.java:13)
at com.web.testCases.BorrowerEducationDetailsTest.enterValidEducationDetails(BorrowerEducationDetailsTest.java:13)
at com.web.testCases.BorrowerEducationDetailsTest.enterValidEducationDetails(BorrowerEducationDetailsTest.java:13)
at com.web.testCases.BorrowerEducationDetailsTest.enterValidEducationDetails(BorrowerEducationDetailsTest.java:13)
at com.web.testCases.BorrowerEducationDetailsTest.enterValidEducationDetails(BorrowerEducationDetailsTest.java:13)
at com.web.testCases.BorrowerEducationDetailsTest.enterValidEducationDetails(BorrowerEducationDetailsTest.java:13)
at com.web.testCases.BorrowerEducationDetailsTest.enterValidEducationDetails(BorrowerEducationDetailsTest.java:13)
at com.web.testCases.BorrowerEducationDetailsTest.enterValidEducationDetails(BorrowerEducationDetailsTest.java:13)
at com.web.testCases.BorrowerEducationDetailsTest.enterValidEducationDetails(BorrowerEducationDetailsTest.java:13)
at com.web.testCases.BorrowerEducationDetailsTest.enterValidEducationDetails(BorrowerEducationDetailsTest.java:13)
at com.web.testCases.BorrowerEducationDetailsTest.enterValidEducationDetails(BorrowerEducationDetailsTest.java:13)
at com.web.testCases.BorrowerEducationDetailsTest.enterValidEducationDetails(BorrowerEducationDetailsTest.java:13)
at com.web.testCases.BorrowerEducationDetailsTest.enterValidEducationDetails(BorrowerEducationDetailsTest.java:13)
at com.web.testCases.BorrowerEducationDetailsTest.enterValidEducationDetails(BorrowerEducationDetailsTest.java:13)
at com.web.testCases.BorrowerEducationDetailsTest.enterValidEducationDetails(BorrowerEducationDetailsTest.java:13)
at com.web.testCases.BorrowerEducationDetailsTest.enterValidEducationDetails(BorrowerEducationDetailsTest.java:13)
at com.web.testCases.BorrowerEducationDetailsTest.enterValidEducationDetails(BorrowerEducationDetailsTest.java:13)
at com.web.testCases.BorrowerEducationDetailsTest.enterValidEducationDetails(BorrowerEducationDetailsTest.java:13)
at com.web.testCases.BorrowerEducationDetailsTest.enterValidEducationDetails(BorrowerEducationDetailsTest.java:13)
at com.web.testCases.BorrowerEducationDetailsTest.enterValidEducationDetails(BorrowerEducationDetailsTest.java:13)
at com.web.testCases.BorrowerEducationDetailsTest.enterValidEducationDetails(BorrowerEducationDetailsTest.java:13)
at com.web.testCases.BorrowerEducationDetailsTest.enterValidEducationDetails(BorrowerEducationDetailsTest.java:13)
at com.web.testCases.BorrowerEducationDetailsTest.enterValidEducationDetails(BorrowerEducationDetailsTest.java:13)
at com.web.testCases.BorrowerEducationDetailsTest.enterValidEducationDetails(BorrowerEducationDetailsTest.java:13)
at com.web.testCases.BorrowerEducationDetailsTest.enterValidEducationDetails(BorrowerEducationDetailsTest.java:13)
at com.web.testCases.BorrowerEducationDetailsTest.enterValidEducationDetails(BorrowerEducationDetailsTest.java:13)
at com.web.testCases.BorrowerEducationDetailsTest.enterValidEducationDetails(BorrowerEducationDetailsTest.java:13)
at com.web.testCases.BorrowerEducationDetailsTest.enterValidEducationDetails(BorrowerEducationDetailsTest.java:13)
at com.web.testCases.BorrowerEducationDetailsTest.enterValidEducationDetails(BorrowerEducationDetailsTest.java:13)
at com.web.testCases.BorrowerEducationDetailsTest.enterValidEducationDetails(BorrowerEducationDetailsTest.java:13)
at com.web.testCases.BorrowerEducationDetailsTest.enterValidEducationDetails(BorrowerEducationDetailsTest.java:13)
at com.web.testCases.BorrowerEducationDetailsTest.enterValidEducationDetails(BorrowerEducationDetailsTest.java:13)
at com.web.testCases.BorrowerEducationDetailsTest.enterValidEducationDetails(BorrowerEducationDetailsTest.java:13)
at com.web.testCases.BorrowerEducationDetailsTest.enterValidEducationDetails(BorrowerEducationDetailsTest.java:13)
at com.web.testCases.BorrowerEducationDetailsTest.enterValidEducationDetails(BorrowerEducationDetailsTest.java:13)
at com.web.testCases.BorrowerEducationDetailsTest.enterValidEducationDetails(BorrowerEducationDetailsTest.java:13)
at com.web.testCases.BorrowerEducationDetailsTest.enterValidEducationDetails(BorrowerEducationDetailsTest.java:13)
at com.web.testCases.BorrowerEducationDetailsTest.enterValidEducationDetails(BorrowerEducationDetailsTest.java:13)
at com.web.testCases.BorrowerEducationDetailsTest.enterValidEducationDetails(BorrowerEducationDetailsTest.java:13)
at com.web.testCases.BorrowerEducationDetailsTest.enterValidEducationDetails(BorrowerEducationDetailsTest.java:13)
at com.web.testCases.BorrowerEducationDetailsTest.enterValidEducationDetails(BorrowerEducationDetailsTest.java:13)
at com.web.testCases.BorrowerEducationDetailsTest.enterValidEducationDetails(BorrowerEducationDetailsTest.java:13)
at com.web.testCases.BorrowerEducationDetailsTest.enterValidEducationDetails(BorrowerEducationDetailsTest.java:13)
at com.web.testCases.BorrowerEducationDetailsTest.enterValidEducationDetails(BorrowerEducationDetailsTest.java:13)
at com.web.testCases.BorrowerEducationDetailsTest.enterValidEducationDetails(BorrowerEducationDetailsTest.java:13)
at com.web.testCases.BorrowerEducationDetailsTest.enterValidEducationDetails(BorrowerEducationDetailsTest.java:13)
at com.web.testCases.BorrowerEducationDetailsTest.enterValidEducationDetails(BorrowerEducationDetailsTest.java:13)
at com.web.testCases.BorrowerEducationDetailsTest.enterValidEducationDetails(BorrowerEducationDetailsTest.java:13)
at com.web.testCases.BorrowerEducationDetailsTest.enterValidEducationDetails(BorrowerEducationDetailsTest.java:13)
at com.web.testCases.BorrowerEducationDetailsTest.enterValidEducationDetails(BorrowerEducationDetailsTest.java:13)
at com.web.testCases.BorrowerEducationDetailsTest.enterValidEducationDetails(BorrowerEducationDetailsTest.java:13)
at com.web.testCases.BorrowerEducationDetailsTest.enterValidEducationDetails(BorrowerEducationDetailsTest.java:13)
at com.web.testCases.BorrowerEducationDetailsTest.enterValidEducationDetails(BorrowerEducationDetailsTest.java:13)
at com.web.testCases.BorrowerEducationDetailsTest.enterValidEducationDetails(BorrowerEducationDetailsTest.java:13)
at com.web.testCases.BorrowerEducationDetailsTest.enterValidEducationDetails(BorrowerEducationDetailsTest.java:13)
at com.web.testCases.BorrowerEducationDetailsTest.enterValidEducationDetails(BorrowerEducationDetailsTest.java:13)
at com.web.testCases.BorrowerEducationDetailsTest.enterValidEducationDetails(BorrowerEducationDetailsTest.java:13)
at com.web.testCases.BorrowerEducationDetailsTest.enterValidEducationDetails(BorrowerEducationDetailsTest.java:13)
at com.web.testCases.BorrowerEducationDetailsTest.enterValidEducationDetails(BorrowerEducationDetailsTest.java:13)
at com.web.testCases.BorrowerEducationDetailsTest.enterValidEducationDetails(BorrowerEducationDetailsTest.java:13)
at com.web.testCases.BorrowerEducationDetailsTest.enterValidEducationDetails(BorrowerEducationDetailsTest.java:13)
at com.web.testCases.BorrowerEducationDetailsTest.enterValidEducationDetails(BorrowerEducationDetailsTest.java:13)
at com.web.testCases.BorrowerEducationDetailsTest.enterValidEducationDetails(BorrowerEducationDetailsTest.java:13)
at com.web.testCases.BorrowerEducationDetailsTest.enterValidEducationDetails(BorrowerEducationDetailsTest.java:13)
at com.web.testCases.BorrowerEducationDetailsTest.enterValidEducationDetails(BorrowerEducationDetailsTest.java:13)
at com.web.testCases.BorrowerEducationDetailsTest.enterValidEducationDetails(BorrowerEducationDetailsTest.java:13)
at com.web.testCases.BorrowerEducationDetailsTest.enterValidEducationDetails(BorrowerEducationDetailsTest.java:13)
at com.web.testCases.BorrowerEducationDetailsTest.enterValidEducationDetails(BorrowerEducationDetailsTest.java:13)
at com.web.testCases.BorrowerEducationDetailsTest.enterValidEducationDetails(BorrowerEducationDetailsTest.java:13)
at com.web.testCases.BorrowerEducationDetailsTest.enterValidEducationDetails(BorrowerEducationDetailsTest.java:13)
at com.web.testCases.BorrowerEducationDetailsTest.enterValidEducationDetails(BorrowerEducationDetailsTest.java:13)
at com.web.testCases.BorrowerEducationDetailsTest.enterValidEducationDetails(BorrowerEducationDetailsTest.java:13)
at com.web.testCases.BorrowerEducationDetailsTest.enterValidEducationDetails(BorrowerEducationDetailsTest.java:13)
at com.web.testCases.BorrowerEducationDetailsTest.enterValidEducationDetails(BorrowerEducationDetailsTest.java:13)
at com.web.testCases.BorrowerEducationDetailsTest.enterValidEducationDetails(BorrowerEducationDetailsTest.java:13)
at com.web.testCases.BorrowerEducationDetailsTest.enterValidEducationDetails(BorrowerEducationDetailsTest.java:13)
at com.web.testCases.BorrowerEducationDetailsTest.enterValidEducationDetails(BorrowerEducationDetailsTest.java:13)
at com.web.testCases.BorrowerEducationDetailsTest.enterValidEducationDetails(BorrowerEducationDetailsTest.java:13)
at com.web.testCases.BorrowerEducationDetailsTest.enterValidEducationDetails(BorrowerEducationDetailsTest.java:13)
at com.web.testCases.BorrowerEducationDetailsTest.enterValidEducationDetails(BorrowerEducationDetailsTest.java:13)
at com.web.testCases.BorrowerEducationDetailsTest.enterValidEducationDetails(BorrowerEducationDetailsTest.java:13)
at com.web.testCases.BorrowerEducationDetailsTest.enterValidEducationDetails(BorrowerEducationDetailsTest.java:13)
at com.web.testCases.BorrowerEducationDetailsTest.enterValidEducationDetails(BorrowerEducationDetailsTest.java:13)
at com.web.testCases.BorrowerEducationDetailsTest.enterValidEducationDetails(BorrowerEducationDetailsTest.java:13)
at com.web.testCases.BorrowerEducationDetailsTest.enterValidEducationDetails(BorrowerEducationDetailsTest.java:13)
at com.web.testCases.BorrowerEducationDetailsTest.enterValidEducationDetails(BorrowerEducationDetailsTest.java:13)
at com.web.testCases.BorrowerEducationDetailsTest.enterValidEducationDetails(BorrowerEducationDetailsTest.java:13)
at com.web.testCases.BorrowerEducationDetailsTest.enterValidEducationDetails(BorrowerEducationDetailsTest.java:13)
at com.web.testCases.BorrowerEducationDetailsTest.enterValidEducationDetails(BorrowerEducationDetailsTest.java:13)
at com.web.testCases.BorrowerEducationDetailsTest.enterValidEducationDetails(BorrowerEducationDetailsTest.java:13)
at com.web.testCases.BorrowerEducationDetailsTest.enterValidEducationDetails(BorrowerEducationDetailsTest.java:13)
at com.web.testCases.BorrowerEducationDetailsTest.enterValidEducationDetails(BorrowerEducationDetailsTest.java:13)
at com.web.testCases.BorrowerEducationDetailsTest.enterValidEducationDetails(BorrowerEducationDetailsTest.java:13)
at com.web.testCases.BorrowerEducationDetailsTest.enterValidEducationDetails(BorrowerEducationDetailsTest.java:13)
at com.web.testCases.BorrowerEducationDetailsTest.enterValidEducationDetails(BorrowerEducationDetailsTest.java:13)
at com.web.testCases.BorrowerEducationDetailsTest.enterValidEducationDetails(BorrowerEducationDetailsTest.java:13)
at com.web.testCases.BorrowerEducationDetailsTest.enterValidEducationDetails(BorrowerEducationDetailsTest.java:13)
at com.web.testCases.BorrowerEducationDetailsTest.enterValidEducationDetails(BorrowerEducationDetailsTest.java:13)
at com.web.testCases.BorrowerEducationDetailsTest.enterValidEducationDetails(BorrowerEducationDetailsTest.java:13)
at com.web.testCases.BorrowerEducationDetailsTest.enterValidEducationDetails(BorrowerEducationDetailsTest.java:13)
at com.web.testCases.BorrowerEducationDetailsTest.enterValidEducationDetails(BorrowerEducationDetailsTest.java:13)
at com.web.testCases.BorrowerEducationDetailsTest.enterValidEducationDetails(BorrowerEducationDetailsTest.java:13)
at com.web.testCases.BorrowerEducationDetailsTest.enterValidEducationDetails(BorrowerEducationDetailsTest.java:13)
at com.web.testCases.BorrowerEducationDetailsTest.enterValidEducationDetails(BorrowerEducationDetailsTest.java:13)
at com.web.testCases.BorrowerEducationDetailsTest.enterValidEducationDetails(BorrowerEducationDetailsTest.java:13)
at com.web.testCases.BorrowerEducationDetailsTest.enterValidEducationDetails(BorrowerEducationDetailsTest.java:13)
at com.web.testCases.BorrowerEducationDetailsTest.enterValidEducationDetails(BorrowerEducationDetailsTest.java:13)
at com.web.testCases.BorrowerEducationDetailsTest.enterValidEducationDetails(BorrowerEducationDetailsTest.java:13)
at com.web.testCases.BorrowerEducationDetailsTest.enterValidEducationDetails(BorrowerEducationDetailsTest.java:13)
at com.web.testCases.BorrowerEducationDetailsTest.enterValidEducationDetails(BorrowerEducationDetailsTest.java:13)
at com.web.testCases.BorrowerEducationDetailsTest.enterValidEducationDetails(BorrowerEducationDetailsTest.java:13)
at com.web.testCases.BorrowerEducationDetailsTest.enterValidEducationDetails(BorrowerEducationDetailsTest.java:13)
at com.web.testCases.BorrowerEducationDetailsTest.enterValidEducationDetails(BorrowerEducationDetailsTest.java:13)
at com.web.testCases.BorrowerEducationDetailsTest.enterValidEducationDetails(BorrowerEducationDetailsTest.java:13)
at com.web.testCases.BorrowerEducationDetailsTest.enterValidEducationDetails(BorrowerEducationDetailsTest.java:13)
at com.web.testCases.BorrowerEducationDetailsTest.enterValidEducationDetails(BorrowerEducationDetailsTest.java:13)
at com.web.testCases.BorrowerEducationDetailsTest.enterValidEducationDetails(BorrowerEducationDetailsTest.java:13)
at com.web.testCases.BorrowerEducationDetailsTest.enterValidEducationDetails(BorrowerEducationDetailsTest.java:13)
at com.web.testCases.BorrowerEducationDetailsTest.enterValidEducationDetails(BorrowerEducationDetailsTest.java:13)
at com.web.testCases.BorrowerEducationDetailsTest.enterValidEducationDetails(BorrowerEducationDetailsTest.java:13)
at com.web.testCases.BorrowerEducationDetailsTest.enterValidEducationDetails(BorrowerEducationDetailsTest.java:13)
at com.web.testCases.BorrowerEducationDetailsTest.enterValidEducationDetails(BorrowerEducationDetailsTest.java:13)
at com.web.testCases.BorrowerEducationDetailsTest.enterValidEducationDetails(BorrowerEducationDetailsTest.java:13)
at com.web.testCases.BorrowerEducationDetailsTest.enterValidEducationDetails(BorrowerEducationDetailsTest.java:13)
at com.web.testCases.BorrowerEducationDetailsTest.enterValidEducationDetails(BorrowerEducationDetailsTest.java:13)
at com.web.testCases.BorrowerEducationDetailsTest.enterValidEducationDetails(BorrowerEducationDetailsTest.java:13)
at com.web.testCases.BorrowerEducationDetailsTest.enterValidEducationDetails(BorrowerEducationDetailsTest.java:13)
at com.web.testCases.BorrowerEducationDetailsTest.enterValidEducationDetails(BorrowerEducationDetailsTest.java:13)
at com.web.testCases.BorrowerEducationDetailsTest.enterValidEducationDetails(BorrowerEducationDetailsTest.java:13)
at com.web.testCases.BorrowerEducationDetailsTest.enterValidEducationDetails(BorrowerEducationDetailsTest.java:13)
at com.web.testCases.BorrowerEducationDetailsTest.enterValidEducationDetails(BorrowerEducationDetailsTest.java:13)
at com.web.testCases.BorrowerEducationDetailsTest.enterValidEducationDetails(BorrowerEducationDetailsTest.java:13)
at com.web.testCases.BorrowerEducationDetailsTest.enterValidEducationDetails(BorrowerEducationDetailsTest.java:13)
at com.web.testCases.BorrowerEducationDetailsTest.enterValidEducationDetails(BorrowerEducationDetailsTest.java:13)
at com.web.testCases.BorrowerEducationDetailsTest.enterValidEducationDetails(BorrowerEducationDetailsTest.java:13)
at com.web.testCases.BorrowerEducationDetailsTest.enterValidEducationDetails(BorrowerEducationDetailsTest.java:13)
at com.web.testCases.BorrowerEducationDetailsTest.enterValidEducationDetails(BorrowerEducationDetailsTest.java:13)
at com.web.testCases.BorrowerEducationDetailsTest.enterValidEducationDetails(BorrowerEducationDetailsTest.java:13)
at com.web.testCases.BorrowerEducationDetailsTest.enterValidEducationDetails(BorrowerEducationDetailsTest.java:13)
at com.web.testCases.BorrowerEducationDetailsTest.enterValidEducationDetails(BorrowerEducationDetailsTest.java:13)
at com.web.testCases.BorrowerEducationDetailsTest.enterValidEducationDetails(BorrowerEducationDetailsTest.java:13)
at com.web.testCases.BorrowerEducationDetailsTest.enterValidEducationDetails(BorrowerEducationDetailsTest.java:13)
at com.web.testCases.BorrowerEducationDetailsTest.enterValidEducationDetails(BorrowerEducationDetailsTest.java:13)
at com.web.testCases.BorrowerEducationDetailsTest.enterValidEducationDetails(BorrowerEducationDetailsTest.java:13)
at com.web.testCases.BorrowerEducationDetailsTest.enterValidEducationDetails(BorrowerEducationDetailsTest.java:13)
at com.web.testCases.BorrowerEducationDetailsTest.enterValidEducationDetails(BorrowerEducationDetailsTest.java:13)
at com.web.testCases.BorrowerEducationDetailsTest.enterValidEducationDetails(BorrowerEducationDetailsTest.java:13)
at com.web.testCases.BorrowerEducationDetailsTest.enterValidEducationDetails(BorrowerEducationDetailsTest.java:13)
at com.web.testCases.BorrowerEducationDetailsTest.enterValidEducationDetails(BorrowerEducationDetailsTest.java:13)
at com.web.testCases.BorrowerEducationDetailsTest.enterValidEducationDetails(BorrowerEducationDetailsTest.java:13)
at com.web.testCases.BorrowerEducationDetailsTest.enterValidEducationDetails(BorrowerEducationDetailsTest.java:13)
at com.web.testCases.BorrowerEducationDetailsTest.enterValidEducationDetails(BorrowerEducationDetailsTest.java:13)
at com.web.testCases.BorrowerEducationDetailsTest.enterValidEducationDetails(BorrowerEducationDetailsTest.java:13)
at com.web.testCases.BorrowerEducationDetailsTest.enterValidEducationDetails(BorrowerEducationDetailsTest.java:13)
at com.web.testCases.BorrowerEducationDetailsTest.enterValidEducationDetails(BorrowerEducationDetailsTest.java:13)
at com.web.testCases.BorrowerEducationDetailsTest.enterValidEducationDetails(BorrowerEducationDetailsTest.java:13)
at com.web.testCases.BorrowerEducationDetailsTest.enterValidEducationDetails(BorrowerEducationDetailsTest.java:13)
at com.web.testCases.BorrowerEducationDetailsTest.enterValidEducationDetails(BorrowerEducationDetailsTest.java:13)
at com.web.testCases.BorrowerEducationDetailsTest.enterValidEducationDetails(BorrowerEducationDetailsTest.java:13)
at com.web.testCases.BorrowerEducationDetailsTest.enterValidEducationDetails(BorrowerEducationDetailsTest.java:13)
at com.web.testCases.BorrowerEducationDetailsTest.enterValidEducationDetails(BorrowerEducationDetailsTest.java:13)
at com.web.testCases.BorrowerEducationDetailsTest.enterValidEducationDetails(BorrowerEducationDetailsTest.java:13)
at com.web.testCases.BorrowerEducationDetailsTest.enterValidEducationDetails(BorrowerEducationDetailsTest.java:13)
at com.web.testCases.BorrowerEducationDetailsTest.enterValidEducationDetails(BorrowerEducationDetailsTest.java:13)
at com.web.testCases.BorrowerEducationDetailsTest.enterValidEducationDetails(BorrowerEducationDetailsTest.java:13)
at com.web.testCases.BorrowerEducationDetailsTest.enterValidEducationDetails(BorrowerEducationDetailsTest.java:13)
at com.web.testCases.BorrowerEducationDetailsTest.enterValidEducationDetails(BorrowerEducationDetailsTest.java:13)
at com.web.testCases.BorrowerEducationDetailsTest.enterValidEducationDetails(BorrowerEducationDetailsTest.java:13)
at com.web.testCases.BorrowerEducationDetailsTest.enterValidEducationDetails(BorrowerEducationDetailsTest.java:13)
at com.web.testCases.BorrowerEducationDetailsTest.enterValidEducationDetails(BorrowerEducationDetailsTest.java:13)
at com.web.testCases.BorrowerEducationDetailsTest.enterValidEducationDetails(BorrowerEducationDetailsTest.java:13)
at com.web.testCases.BorrowerEducationDetailsTest.enterValidEducationDetails(BorrowerEducationDetailsTest.java:13)
at com.web.testCases.BorrowerEducationDetailsTest.enterValidEducationDetails(BorrowerEducationDetailsTest.java:13)
at com.web.testCases.BorrowerEducationDetailsTest.enterValidEducationDetails(BorrowerEducationDetailsTest.java:13)
at com.web.testCases.BorrowerEducationDetailsTest.enterValidEducationDetails(BorrowerEducationDetailsTest.java:13)
at com.web.testCases.BorrowerEducationDetailsTest.enterValidEducationDetails(BorrowerEducationDetailsTest.java:13)
at com.web.testCases.BorrowerEducationDetailsTest.enterValidEducationDetails(BorrowerEducationDetailsTest.java:13)
at com.web.testCases.BorrowerEducationDetailsTest.enterValidEducationDetails(BorrowerEducationDetailsTest.java:13)
at com.web.testCases.BorrowerEducationDetailsTest.enterValidEducationDetails(BorrowerEducationDetailsTest.java:13)
at com.web.testCases.BorrowerEducationDetailsTest.enterValidEducationDetails(BorrowerEducationDetailsTest.java:13)
at com.web.testCases.BorrowerEducationDetailsTest.enterValidEducationDetails(BorrowerEducationDetailsTest.java:13)
at com.web.testCases.BorrowerEducationDetailsTest.enterValidEducationDetails(BorrowerEducationDetailsTest.java:13)
at com.web.testCases.BorrowerEducationDetailsTest.enterValidEducationDetails(BorrowerEducationDetailsTest.java:13)
at com.web.testCases.BorrowerEducationDetailsTest.enterValidEducationDetails(BorrowerEducationDetailsTest.java:13)
at com.web.testCases.BorrowerEducationDetailsTest.enterValidEducationDetails(BorrowerEducationDetailsTest.java:13)
at com.web.testCases.BorrowerEducationDetailsTest.enterValidEducationDetails(BorrowerEducationDetailsTest.java:13)
at com.web.testCases.BorrowerEducationDetailsTest.enterValidEducationDetails(BorrowerEducationDetailsTest.java:13)
at com.web.testCases.BorrowerEducationDetailsTest.enterValidEducationDetails(BorrowerEducationDetailsTest.java:13)
at com.web.testCases.BorrowerEducationDetailsTest.enterValidEducationDetails(BorrowerEducationDetailsTest.java:13)
at com.web.testCases.BorrowerEducationDetailsTest.enterValidEducationDetails(BorrowerEducationDetailsTest.java:13)
at com.web.testCases.BorrowerEducationDetailsTest.enterValidEducationDetails(BorrowerEducationDetailsTest.java:13)
at com.web.testCases.BorrowerEducationDetailsTest.enterValidEducationDetails(BorrowerEducationDetailsTest.java:13)
at com.web.testCases.BorrowerEducationDetailsTest.enterValidEducationDetails(BorrowerEducationDetailsTest.java:13)
at com.web.testCases.BorrowerEducationDetailsTest.enterValidEducationDetails(BorrowerEducationDetailsTest.java:13)
at com.web.testCases.BorrowerEducationDetailsTest.enterValidEducationDetails(BorrowerEducationDetailsTest.java:13)
at com.web.testCases.BorrowerEducationDetailsTest.enterValidEducationDetails(BorrowerEducationDetailsTest.java:13)
at com.web.testCases.BorrowerEducationDetailsTest.enterValidEducationDetails(BorrowerEducationDetailsTest.java:13)
at com.web.testCases.BorrowerEducationDetailsTest.enterValidEducationDetails(BorrowerEducationDetailsTest.java:13)
at com.web.testCases.BorrowerEducationDetailsTest.enterValidEducationDetails(BorrowerEducationDetailsTest.java:13)
at com.web.testCases.BorrowerEducationDetailsTest.enterValidEducationDetails(BorrowerEducationDetailsTest.java:13)
at com.web.testCases.BorrowerEducationDetailsTest.enterValidEducationDetails(BorrowerEducationDetailsTest.java:13)
at com.web.testCases.BorrowerEducationDetailsTest.enterValidEducationDetails(BorrowerEducationDetailsTest.java:13)
at com.web.testCases.BorrowerEducationDetailsTest.enterValidEducationDetails(BorrowerEducationDetailsTest.java:13)
at com.web.testCases.BorrowerEducationDetailsTest.enterValidEducationDetails(BorrowerEducationDetailsTest.java:13)
at com.web.testCases.BorrowerEducationDetailsTest.enterValidEducationDetails(BorrowerEducationDetailsTest.java:13)
at com.web.testCases.BorrowerEducationDetailsTest.enterValidEducationDetails(BorrowerEducationDetailsTest.java:13)
at com.web.testCases.BorrowerEducationDetailsTest.enterValidEducationDetails(BorrowerEducationDetailsTest.java:13)
at com.web.testCases.BorrowerEducationDetailsTest.enterValidEducationDetails(BorrowerEducationDetailsTest.java:13)
at com.web.testCases.BorrowerEducationDetailsTest.enterValidEducationDetails(BorrowerEducationDetailsTest.java:13)
at com.web.testCases.BorrowerEducationDetailsTest.enterValidEducationDetails(BorrowerEducationDetailsTest.java:13)
at com.web.testCases.BorrowerEducationDetailsTest.enterValidEducationDetails(BorrowerEducationDetailsTest.java:13)
at com.web.testCases.BorrowerEducationDetailsTest.enterValidEducationDetails(BorrowerEducationDetailsTest.java:13)
at com.web.testCases.BorrowerEducationDetailsTest.enterValidEducationDetails(BorrowerEducationDetailsTest.java:13)
at com.web.testCases.BorrowerEducationDetailsTest.enterValidEducationDetails(BorrowerEducationDetailsTest.java:13)
at com.web.testCases.BorrowerEducationDetailsTest.enterValidEducationDetails(BorrowerEducationDetailsTest.java:13)
at com.web.testCases.BorrowerEducationDetailsTest.enterValidEducationDetails(BorrowerEducationDetailsTest.java:13)
at com.web.testCases.BorrowerEducationDetailsTest.enterValidEducationDetails(BorrowerEducationDetailsTest.java:13)
at com.web.testCases.BorrowerEducationDetailsTest.enterValidEducationDetails(BorrowerEducationDetailsTest.java:13)
at com.web.testCases.BorrowerEducationDetailsTest.enterValidEducationDetails(BorrowerEducationDetailsTest.java:13)
at com.web.testCases.BorrowerEducationDetailsTest.enterValidEducationDetails(BorrowerEducationDetailsTest.java:13)
at com.web.testCases.BorrowerEducationDetailsTest.enterValidEducationDetails(BorrowerEducationDetailsTest.java:13)
at com.web.testCases.BorrowerEducationDetailsTest.enterValidEducationDetails(BorrowerEducationDetailsTest.java:13)
at com.web.testCases.BorrowerEducationDetailsTest.enterValidEducationDetails(BorrowerEducationDetailsTest.java:13)
at com.web.testCases.BorrowerEducationDetailsTest.enterValidEducationDetails(BorrowerEducationDetailsTest.java:13)
at com.web.testCases.BorrowerEducationDetailsTest.enterValidEducationDetails(BorrowerEducationDetailsTest.java:13)
at com.web.testCases.BorrowerEducationDetailsTest.enterValidEducationDetails(BorrowerEducationDetailsTest.java:13)
at com.web.testCases.BorrowerEducationDetailsTest.enterValidEducationDetails(BorrowerEducationDetailsTest.java:13)
at com.web.testCases.BorrowerEducationDetailsTest.enterValidEducationDetails(BorrowerEducationDetailsTest.java:13)
at com.web.testCases.BorrowerEducationDetailsTest.enterValidEducationDetails(BorrowerEducationDetailsTest.java:13)
at com.web.testCases.BorrowerEducationDetailsTest.enterValidEducationDetails(BorrowerEducationDetailsTest.java:13)
at com.web.testCases.BorrowerEducationDetailsTest.enterValidEducationDetails(BorrowerEducationDetailsTest.java:13)
at com.web.testCases.BorrowerEducationDetailsTest.enterValidEducationDetails(BorrowerEducationDetailsTest.java:13)
at com.web.testCases.BorrowerEducationDetailsTest.enterValidEducationDetails(BorrowerEducationDetailsTest.java:13)
at com.web.testCases.BorrowerEducationDetailsTest.enterValidEducationDetails(BorrowerEducationDetailsTest.java:13)
at com.web.testCases.BorrowerEducationDetailsTest.enterValidEducationDetails(BorrowerEducationDetailsTest.java:13)
at com.web.testCases.BorrowerEducationDetailsTest.enterValidEducationDetails(BorrowerEducationDetailsTest.java:13)
at com.web.testCases.BorrowerEducationDetailsTest.enterValidEducationDetails(BorrowerEducationDetailsTest.java:13)
at com.web.testCases.BorrowerEducationDetailsTest.enterValidEducationDetails(BorrowerEducationDetailsTest.java:13)
at com.web.testCases.BorrowerEducationDetailsTest.enterValidEducationDetails(BorrowerEducationDetailsTest.java:13)
at com.web.testCases.BorrowerEducationDetailsTest.enterValidEducationDetails(BorrowerEducationDetailsTest.java:13)
at com.web.testCases.BorrowerEducationDetailsTest.enterValidEducationDetails(BorrowerEducationDetailsTest.java:13)
at com.web.testCases.BorrowerEducationDetailsTest.enterValidEducationDetails(BorrowerEducationDetailsTest.java:13)
at com.web.testCases.BorrowerEducationDetailsTest.enterValidEducationDetails(BorrowerEducationDetailsTest.java:13)
at com.web.testCases.BorrowerEducationDetailsTest.enterValidEducationDetails(BorrowerEducationDetailsTest.java:13)
at com.web.testCases.BorrowerEducationDetailsTest.enterValidEducationDetails(BorrowerEducationDetailsTest.java:13)
at com.web.testCases.BorrowerEducationDetailsTest.enterValidEducationDetails(BorrowerEducationDetailsTest.java:13)
at com.web.testCases.BorrowerEducationDetailsTest.enterValidEducationDetails(BorrowerEducationDetailsTest.java:13)
at com.web.testCases.BorrowerEducationDetailsTest.enterValidEducationDetails(BorrowerEducationDetailsTest.java:13)
at com.web.testCases.BorrowerEducationDetailsTest.enterValidEducationDetails(BorrowerEducationDetailsTest.java:13)
at com.web.testCases.BorrowerEducationDetailsTest.enterValidEducationDetails(BorrowerEducationDetailsTest.java:13)
at com.web.testCases.BorrowerEducationDetailsTest.enterValidEducationDetails(BorrowerEducationDetailsTest.java:13)
at com.web.testCases.BorrowerEducationDetailsTest.enterValidEducationDetails(BorrowerEducationDetailsTest.java:13)
at com.web.testCases.BorrowerEducationDetailsTest.enterValidEducationDetails(BorrowerEducationDetailsTest.java:13)
at com.web.testCases.BorrowerEducationDetailsTest.enterValidEducationDetails(BorrowerEducationDetailsTest.java:13)
at com.web.testCases.BorrowerEducationDetailsTest.enterValidEducationDetails(BorrowerEducationDetailsTest.java:13)
at com.web.testCases.BorrowerEducationDetailsTest.enterValidEducationDetails(BorrowerEducationDetailsTest.java:13)
at com.web.testCases.BorrowerEducationDetailsTest.enterValidEducationDetails(BorrowerEducationDetailsTest.java:13)
at com.web.testCases.BorrowerEducationDetailsTest.enterValidEducationDetails(BorrowerEducationDetailsTest.java:13)
at com.web.testCases.BorrowerEducationDetailsTest.enterValidEducationDetails(BorrowerEducationDetailsTest.java:13)
at com.web.testCases.BorrowerEducationDetailsTest.enterValidEducationDetails(BorrowerEducationDetailsTest.java:13)
at com.web.testCases.BorrowerEducationDetailsTest.enterValidEducationDetails(BorrowerEducationDetailsTest.java:13)
at com.web.testCases.BorrowerEducationDetailsTest.enterValidEducationDetails(BorrowerEducationDetailsTest.java:13)
at com.web.testCases.BorrowerEducationDetailsTest.enterValidEducationDetails(BorrowerEducationDetailsTest.java:13)
at com.web.testCases.BorrowerEducationDetailsTest.enterValidEducationDetails(BorrowerEducationDetailsTest.java:13)
at com.web.testCases.BorrowerEducationDetailsTest.enterValidEducationDetails(BorrowerEducationDetailsTest.java:13)
at com.web.testCases.BorrowerEducationDetailsTest.enterValidEducationDetails(BorrowerEducationDetailsTest.java:13)
at com.web.testCases.BorrowerEducationDetailsTest.enterValidEducationDetails(BorrowerEducationDetailsTest.java:13)
at com.web.testCases.BorrowerEducationDetailsTest.enterValidEducationDetails(BorrowerEducationDetailsTest.java:13)
at com.web.testCases.BorrowerEducationDetailsTest.enterValidEducationDetails(BorrowerEducationDetailsTest.java:13)
at com.web.testCases.BorrowerEducationDetailsTest.enterValidEducationDetails(BorrowerEducationDetailsTest.java:13)
at com.web.testCases.BorrowerEducationDetailsTest.enterValidEducationDetails(BorrowerEducationDetailsTest.java:13)
at com.web.testCases.BorrowerEducationDetailsTest.enterValidEducationDetails(BorrowerEducationDetailsTest.java:13)
at com.web.testCases.BorrowerEducationDetailsTest.enterValidEducationDetails(BorrowerEducationDetailsTest.java:13)
at com.web.testCases.BorrowerEducationDetailsTest.enterValidEducationDetails(BorrowerEducationDetailsTest.java:13)
at com.web.testCases.BorrowerEducationDetailsTest.enterValidEducationDetails(BorrowerEducationDetailsTest.java:13)
at com.web.testCases.BorrowerEducationDetailsTest.enterValidEducationDetails(BorrowerEducationDetailsTest.java:13)
at com.web.testCases.BorrowerEducationDetailsTest.enterValidEducationDetails(BorrowerEducationDetailsTest.java:13)
at com.web.testCases.BorrowerEducationDetailsTest.enterValidEducationDetails(BorrowerEducationDetailsTest.java:13)
at com.web.testCases.BorrowerEducationDetailsTest.enterValidEducationDetails(BorrowerEducationDetailsTest.java:13)
at com.web.testCases.BorrowerEducationDetailsTest.enterValidEducationDetails(BorrowerEducationDetailsTest.java:13)
at com.web.testCases.BorrowerEducationDetailsTest.enterValidEducationDetails(BorrowerEducationDetailsTest.java:13)
at com.web.testCases.BorrowerEducationDetailsTest.enterValidEducationDetails(BorrowerEducationDetailsTest.java:13)
at com.web.testCases.BorrowerEducationDetailsTest.enterValidEducationDetails(BorrowerEducationDetailsTest.java:13)
at com.web.testCases.BorrowerEducationDetailsTest.enterValidEducationDetails(BorrowerEducationDetailsTest.java:13)
at com.web.testCases.BorrowerEducationDetailsTest.enterValidEducationDetails(BorrowerEducationDetailsTest.java:13)
at com.web.testCases.BorrowerEducationDetailsTest.enterValidEducationDetails(BorrowerEducationDetailsTest.java:13)
at com.web.testCases.BorrowerEducationDetailsTest.enterValidEducationDetails(BorrowerEducationDetailsTest.java:13)
at com.web.testCases.BorrowerEducationDetailsTest.enterValidEducationDetails(BorrowerEducationDetailsTest.java:13)
at com.web.testCases.BorrowerEducationDetailsTest.enterValidEducationDetails(BorrowerEducationDetailsTest.java:13)
at com.web.testCases.BorrowerEducationDetailsTest.enterValidEducationDetails(BorrowerEducationDetailsTest.java:13)
at com.web.testCases.BorrowerEducationDetailsTest.enterValidEducationDetails(BorrowerEducationDetailsTest.java:13)
at com.web.testCases.BorrowerEducationDetailsTest.enterValidEducationDetails(BorrowerEducationDetailsTest.java:13)
at com.web.testCases.BorrowerEducationDetailsTest.enterValidEducationDetails(BorrowerEducationDetailsTest.java:13)
at com.web.testCases.BorrowerEducationDetailsTest.enterValidEducationDetails(BorrowerEducationDetailsTest.java:13)
at com.web.testCases.BorrowerEducationDetailsTest.enterValidEducationDetails(BorrowerEducationDetailsTest.java:13)
at com.web.testCases.BorrowerEducationDetailsTest.enterValidEducationDetails(BorrowerEducationDetailsTest.java:13)
at com.web.testCases.BorrowerEducationDetailsTest.enterValidEducationDetails(BorrowerEducationDetailsTest.java:13)
at com.web.testCases.BorrowerEducationDetailsTest.enterValidEducationDetails(BorrowerEducationDetailsTest.java:13)
at com.web.testCases.BorrowerEducationDetailsTest.enterValidEducationDetails(BorrowerEducationDetailsTest.java:13)
at com.web.testCases.BorrowerEducationDetailsTest.enterValidEducationDetails(BorrowerEducationDetailsTest.java:13)
at com.web.testCases.BorrowerEducationDetailsTest.enterValidEducationDetails(BorrowerEducationDetailsTest.java:13)
at com.web.testCases.BorrowerEducationDetailsTest.enterValidEducationDetails(BorrowerEducationDetailsTest.java:13)
at com.web.testCases.BorrowerEducationDetailsTest.enterValidEducationDetails(BorrowerEducationDetailsTest.java:13)
at com.web.testCases.BorrowerEducationDetailsTest.enterValidEducationDetails(BorrowerEducationDetailsTest.java:13)
at com.web.testCases.BorrowerEducationDetailsTest.enterValidEducationDetails(BorrowerEducationDetailsTest.java:13)
at com.web.testCases.BorrowerEducationDetailsTest.enterValidEducationDetails(BorrowerEducationDetailsTest.java:13)
at com.web.testCases.BorrowerEducationDetailsTest.enterValidEducationDetails(BorrowerEducationDetailsTest.java:13)
at com.web.testCases.BorrowerEducationDetailsTest.enterValidEducationDetails(BorrowerEducationDetailsTest.java:13)
at com.web.testCases.BorrowerEducationDetailsTest.enterValidEducationDetails(BorrowerEducationDetailsTest.java:13)
at com.web.testCases.BorrowerEducationDetailsTest.enterValidEducationDetails(BorrowerEducationDetailsTest.java:13)
at com.web.testCases.BorrowerEducationDetailsTest.enterValidEducationDetails(BorrowerEducationDetailsTest.java:13)
at com.web.testCases.BorrowerEducationDetailsTest.enterValidEducationDetails(BorrowerEducationDetailsTest.java:13)
at com.web.testCases.BorrowerEducationDetailsTest.enterValidEducationDetails(BorrowerEducationDetailsTest.java:13)
at com.web.testCases.BorrowerEducationDetailsTest.enterValidEducationDetails(BorrowerEducationDetailsTest.java:13)
at com.web.testCases.BorrowerEducationDetailsTest.enterValidEducationDetails(BorrowerEducationDetailsTest.java:13)
at com.web.testCases.BorrowerEducationDetailsTest.enterValidEducationDetails(BorrowerEducationDetailsTest.java:13)
at com.web.testCases.BorrowerEducationDetailsTest.enterValidEducationDetails(BorrowerEducationDetailsTest.java:13)
at com.web.testCases.BorrowerEducationDetailsTest.enterValidEducationDetails(BorrowerEducationDetailsTest.java:13)
at com.web.testCases.BorrowerEducationDetailsTest.enterValidEducationDetails(BorrowerEducationDetailsTest.java:13)
at com.web.testCases.BorrowerEducationDetailsTest.enterValidEducationDetails(BorrowerEducationDetailsTest.java:13)
at com.web.testCases.BorrowerEducationDetailsTest.enterValidEducationDetails(BorrowerEducationDetailsTest.java:13)
at com.web.testCases.BorrowerEducationDetailsTest.enterValidEducationDetails(BorrowerEducationDetailsTest.java:13)
at com.web.testCases.BorrowerEducationDetailsTest.enterValidEducationDetails(BorrowerEducationDetailsTest.java:13)
at com.web.testCases.BorrowerEducationDetailsTest.enterValidEducationDetails(BorrowerEducationDetailsTest.java:13)
at com.web.testCases.BorrowerEducationDetailsTest.enterValidEducationDetails(BorrowerEducationDetailsTest.java:13)
at com.web.testCases.BorrowerEducationDetailsTest.enterValidEducationDetails(BorrowerEducationDetailsTest.java:13)
at com.web.testCases.BorrowerEducationDetailsTest.enterValidEducationDetails(BorrowerEducationDetailsTest.java:13)
at com.web.testCases.BorrowerEducationDetailsTest.enterValidEducationDetails(BorrowerEducationDetailsTest.java:13)
at com.web.testCases.BorrowerEducationDetailsTest.enterValidEducationDetails(BorrowerEducationDetailsTest.java:13)
at com.web.testCases.BorrowerEducationDetailsTest.enterValidEducationDetails(BorrowerEducationDetailsTest.java:13)
at com.web.testCases.BorrowerEducationDetailsTest.enterValidEducationDetails(BorrowerEducationDetailsTest.java:13)
at com.web.testCases.BorrowerEducationDetailsTest.enterValidEducationDetails(BorrowerEducationDetailsTest.java:13)
at com.web.testCases.BorrowerEducationDetailsTest.enterValidEducationDetails(BorrowerEducationDetailsTest.java:13)
at com.web.testCases.BorrowerEducationDetailsTest.enterValidEducationDetails(BorrowerEducationDetailsTest.java:13)
at com.web.testCases.BorrowerEducationDetailsTest.enterValidEducationDetails(BorrowerEducationDetailsTest.java:13)
at com.web.testCases.BorrowerEducationDetailsTest.enterValidEducationDetails(BorrowerEducationDetailsTest.java:13)
at com.web.testCases.BorrowerEducationDetailsTest.enterValidEducationDetails(BorrowerEducationDetailsTest.java:13)
at com.web.testCases.BorrowerEducationDetailsTest.enterValidEducationDetails(BorrowerEducationDetailsTest.java:13)
at com.web.testCases.BorrowerEducationDetailsTest.enterValidEducationDetails(BorrowerEducationDetailsTest.java:13)
at com.web.testCases.BorrowerEducationDetailsTest.enterValidEducationDetails(BorrowerEducationDetailsTest.java:13)
at com.web.testCases.BorrowerEducationDetailsTest.enterValidEducationDetails(BorrowerEducationDetailsTest.java:13)
at com.web.testCases.BorrowerEducationDetailsTest.enterValidEducationDetails(BorrowerEducationDetailsTest.java:13)
at com.web.testCases.BorrowerEducationDetailsTest.enterValidEducationDetails(BorrowerEducationDetailsTest.java:13)
at com.web.testCases.BorrowerEducationDetailsTest.enterValidEducationDetails(BorrowerEducationDetailsTest.java:13)
at com.web.testCases.BorrowerEducationDetailsTest.enterValidEducationDetails(BorrowerEducationDetailsTest.java:13)
at com.web.testCases.BorrowerEducationDetailsTest.enterValidEducationDetails(BorrowerEducationDetailsTest.java:13)
at com.web.testCases.BorrowerEducationDetailsTest.enterValidEducationDetails(BorrowerEducationDetailsTest.java:13)
at com.web.testCases.BorrowerEducationDetailsTest.enterValidEducationDetails(BorrowerEducationDetailsTest.java:13)
at com.web.testCases.BorrowerEducationDetailsTest.enterValidEducationDetails(BorrowerEducationDetailsTest.java:13)
at com.web.testCases.BorrowerEducationDetailsTest.enterValidEducationDetails(BorrowerEducationDetailsTest.java:13)
at com.web.testCases.BorrowerEducationDetailsTest.enterValidEducationDetails(BorrowerEducationDetailsTest.java:13)
at com.web.testCases.BorrowerEducationDetailsTest.enterValidEducationDetails(BorrowerEducationDetailsTest.java:13)
at com.web.testCases.BorrowerEducationDetailsTest.enterValidEducationDetails(BorrowerEducationDetailsTest.java:13)
at com.web.testCases.BorrowerEducationDetailsTest.enterValidEducationDetails(BorrowerEducationDetailsTest.java:13)
at com.web.testCases.BorrowerEducationDetailsTest.enterValidEducationDetails(BorrowerEducationDetailsTest.java:13)
at com.web.testCases.BorrowerEducationDetailsTest.enterValidEducationDetails(BorrowerEducationDetailsTest.java:13)
at com.web.testCases.BorrowerEducationDetailsTest.enterValidEducationDetails(BorrowerEducationDetailsTest.java:13)
at com.web.testCases.BorrowerEducationDetailsTest.enterValidEducationDetails(BorrowerEducationDetailsTest.java:13)
at com.web.testCases.BorrowerEducationDetailsTest.enterValidEducationDetails(BorrowerEducationDetailsTest.java:13)
at com.web.testCases.BorrowerEducationDetailsTest.enterValidEducationDetails(BorrowerEducationDetailsTest.java:13)
at com.web.testCases.BorrowerEducationDetailsTest.enterValidEducationDetails(BorrowerEducationDetailsTest.java:13)
at com.web.testCases.BorrowerEducationDetailsTest.enterValidEducationDetails(BorrowerEducationDetailsTest.java:13)
at com.web.testCases.BorrowerEducationDetailsTest.enterValidEducationDetails(BorrowerEducationDetailsTest.java:13)
at com.web.testCases.BorrowerEducationDetailsTest.enterValidEducationDetails(BorrowerEducationDetailsTest.java:13)
at com.web.testCases.BorrowerEducationDetailsTest.enterValidEducationDetails(BorrowerEducationDetailsTest.java:13)
at com.web.testCases.BorrowerEducationDetailsTest.enterValidEducationDetails(BorrowerEducationDetailsTest.java:13)
at com.web.testCases.BorrowerEducationDetailsTest.enterValidEducationDetails(BorrowerEducationDetailsTest.java:13)
at com.web.testCases.BorrowerEducationDetailsTest.enterValidEducationDetails(BorrowerEducationDetailsTest.java:13)
at com.web.testCases.BorrowerEducationDetailsTest.enterValidEducationDetails(BorrowerEducationDetailsTest.java:13)
at com.web.testCases.BorrowerEducationDetailsTest.enterValidEducationDetails(BorrowerEducationDetailsTest.java:13)
at com.web.testCases.BorrowerEducationDetailsTest.enterValidEducationDetails(BorrowerEducationDetailsTest.java:13)
at com.web.testCases.BorrowerEducationDetailsTest.enterValidEducationDetails(BorrowerEducationDetailsTest.java:13)
at com.web.testCases.BorrowerEducationDetailsTest.enterValidEducationDetails(BorrowerEducationDetailsTest.java:13)
at com.web.testCases.BorrowerEducationDetailsTest.enterValidEducationDetails(BorrowerEducationDetailsTest.java:13)
at com.web.testCases.BorrowerEducationDetailsTest.enterValidEducationDetails(BorrowerEducationDetailsTest.java:13)
at com.web.testCases.BorrowerEducationDetailsTest.enterValidEducationDetails(BorrowerEducationDetailsTest.java:13)
at com.web.testCases.BorrowerEducationDetailsTest.enterValidEducationDetails(BorrowerEducationDetailsTest.java:13)
at com.web.testCases.BorrowerEducationDetailsTest.enterValidEducationDetails(BorrowerEducationDetailsTest.java:13)
at com.web.testCases.BorrowerEducationDetailsTest.enterValidEducationDetails(BorrowerEducationDetailsTest.java:13)
at com.web.testCases.BorrowerEducationDetailsTest.enterValidEducationDetails(BorrowerEducationDetailsTest.java:13)
at com.web.testCases.BorrowerEducationDetailsTest.enterValidEducationDetails(BorrowerEducationDetailsTest.java:13)
at com.web.testCases.BorrowerEducationDetailsTest.enterValidEducationDetails(BorrowerEducationDetailsTest.java:13)
at com.web.testCases.BorrowerEducationDetailsTest.enterValidEducationDetails(BorrowerEducationDetailsTest.java:13)
at com.web.testCases.BorrowerEducationDetailsTest.enterValidEducationDetails(BorrowerEducationDetailsTest.java:13)
at com.web.testCases.BorrowerEducationDetailsTest.enterValidEducationDetails(BorrowerEducationDetailsTest.java:13)
at com.web.testCases.BorrowerEducationDetailsTest.enterValidEducationDetails(BorrowerEducationDetailsTest.java:13)
at com.web.testCases.BorrowerEducationDetailsTest.enterValidEducationDetails(BorrowerEducationDetailsTest.java:13)
at com.web.testCases.BorrowerEducationDetailsTest.enterValidEducationDetails(BorrowerEducationDetailsTest.java:13)
at com.web.testCases.BorrowerEducationDetailsTest.enterValidEducationDetails(BorrowerEducationDetailsTest.java:13)
at com.web.testCases.BorrowerEducationDetailsTest.enterValidEducationDetails(BorrowerEducationDetailsTest.java:13)
at com.web.testCases.BorrowerEducationDetailsTest.enterValidEducationDetails(BorrowerEducationDetailsTest.java:13)
at com.web.testCases.BorrowerEducationDetailsTest.enterValidEducationDetails(BorrowerEducationDetailsTest.java:13)
at com.web.testCases.BorrowerEducationDetailsTest.enterValidEducationDetails(BorrowerEducationDetailsTest.java:13)
at com.web.testCases.BorrowerEducationDetailsTest.enterValidEducationDetails(BorrowerEducationDetailsTest.java:13)
at com.web.testCases.BorrowerEducationDetailsTest.enterValidEducationDetails(BorrowerEducationDetailsTest.java:13)
at com.web.testCases.BorrowerEducationDetailsTest.enterValidEducationDetails(BorrowerEducationDetailsTest.java:13)
at com.web.testCases.BorrowerEducationDetailsTest.enterValidEducationDetails(BorrowerEducationDetailsTest.java:13)
at com.web.testCases.BorrowerEducationDetailsTest.enterValidEducationDetails(BorrowerEducationDetailsTest.java:13)
at com.web.testCases.BorrowerEducationDetailsTest.enterValidEducationDetails(BorrowerEducationDetailsTest.java:13)
at com.web.testCases.BorrowerEducationDetailsTest.enterValidEducationDetails(BorrowerEducationDetailsTest.java:13)
at com.web.testCases.BorrowerEducationDetailsTest.enterValidEducationDetails(BorrowerEducationDetailsTest.java:13)
at com.web.testCases.BorrowerEducationDetailsTest.enterValidEducationDetails(BorrowerEducationDetailsTest.java:13)
at com.web.testCases.BorrowerEducationDetailsTest.enterValidEducationDetails(BorrowerEducationDetailsTest.java:13)
at com.web.testCases.BorrowerEducationDetailsTest.enterValidEducationDetails(BorrowerEducationDetailsTest.java:13)
at com.web.testCases.BorrowerEducationDetailsTest.enterValidEducationDetails(BorrowerEducationDetailsTest.java:13)
at com.web.testCases.BorrowerEducationDetailsTest.enterValidEducationDetails(BorrowerEducationDetailsTest.java:13)
at com.web.testCases.BorrowerEducationDetailsTest.enterValidEducationDetails(BorrowerEducationDetailsTest.java:13)
at com.web.testCases.BorrowerEducationDetailsTest.enterValidEducationDetails(BorrowerEducationDetailsTest.java:13)
at com.web.testCases.BorrowerEducationDetailsTest.enterValidEducationDetails(BorrowerEducationDetailsTest.java:13)
at com.web.testCases.BorrowerEducationDetailsTest.enterValidEducationDetails(BorrowerEducationDetailsTest.java:13)
at com.web.testCases.BorrowerEducationDetailsTest.enterValidEducationDetails(BorrowerEducationDetailsTest.java:13)
at com.web.testCases.BorrowerEducationDetailsTest.enterValidEducationDetails(BorrowerEducationDetailsTest.java:13)
at com.web.testCases.BorrowerEducationDetailsTest.enterValidEducationDetails(BorrowerEducationDetailsTest.java:13)
at com.web.testCases.BorrowerEducationDetailsTest.enterValidEducationDetails(BorrowerEducationDetailsTest.java:13)
at com.web.testCases.BorrowerEducationDetailsTest.enterValidEducationDetails(BorrowerEducationDetailsTest.java:13)
at com.web.testCases.BorrowerEducationDetailsTest.enterValidEducationDetails(BorrowerEducationDetailsTest.java:13)
at com.web.testCases.BorrowerEducationDetailsTest.enterValidEducationDetails(BorrowerEducationDetailsTest.java:13)
at com.web.testCases.BorrowerEducationDetailsTest.enterValidEducationDetails(BorrowerEducationDetailsTest.java:13)
at com.web.testCases.BorrowerEducationDetailsTest.enterValidEducationDetails(BorrowerEducationDetailsTest.java:13)
at com.web.testCases.BorrowerEducationDetailsTest.enterValidEducationDetails(BorrowerEducationDetailsTest.java:13)
at com.web.testCases.BorrowerEducationDetailsTest.enterValidEducationDetails(BorrowerEducationDetailsTest.java:13)
at com.web.testCases.BorrowerEducationDetailsTest.enterValidEducationDetails(BorrowerEducationDetailsTest.java:13)
at com.web.testCases.BorrowerEducationDetailsTest.enterValidEducationDetails(BorrowerEducationDetailsTest.java:13)
at com.web.testCases.BorrowerEducationDetailsTest.enterValidEducationDetails(BorrowerEducationDetailsTest.java:13)
at com.web.testCases.BorrowerEducationDetailsTest.enterValidEducationDetails(BorrowerEducationDetailsTest.java:13)
at com.web.testCases.BorrowerEducationDetailsTest.enterValidEducationDetails(BorrowerEducationDetailsTest.java:13)
at com.web.testCases.BorrowerEducationDetailsTest.enterValidEducationDetails(BorrowerEducationDetailsTest.java:13)
at com.web.testCases.BorrowerEducationDetailsTest.enterValidEducationDetails(BorrowerEducationDetailsTest.java:13)
at com.web.testCases.BorrowerEducationDetailsTest.enterValidEducationDetails(BorrowerEducationDetailsTest.java:13)
at com.web.testCases.BorrowerEducationDetailsTest.enterValidEducationDetails(BorrowerEducationDetailsTest.java:13)
at com.web.testCases.BorrowerEducationDetailsTest.enterValidEducationDetails(BorrowerEducationDetailsTest.java:13)
at com.web.testCases.BorrowerEducationDetailsTest.enterValidEducationDetails(BorrowerEducationDetailsTest.java:13)
at com.web.testCases.BorrowerEducationDetailsTest.enterValidEducationDetails(BorrowerEducationDetailsTest.java:13)
at com.web.testCases.BorrowerEducationDetailsTest.enterValidEducationDetails(BorrowerEducationDetailsTest.java:13)
at com.web.testCases.BorrowerEducationDetailsTest.enterValidEducationDetails(BorrowerEducationDetailsTest.java:13)
at com.web.testCases.BorrowerEducationDetailsTest.enterValidEducationDetails(BorrowerEducationDetailsTest.java:13)
at com.web.testCases.BorrowerEducationDetailsTest.enterValidEducationDetails(BorrowerEducationDetailsTest.java:13)
at com.web.testCases.BorrowerEducationDetailsTest.enterValidEducationDetails(BorrowerEducationDetailsTest.java:13)
at com.web.testCases.BorrowerEducationDetailsTest.enterValidEducationDetails(BorrowerEducationDetailsTest.java:13)
at com.web.testCases.BorrowerEducationDetailsTest.enterValidEducationDetails(BorrowerEducationDetailsTest.java:13)
at com.web.testCases.BorrowerEducationDetailsTest.enterValidEducationDetails(BorrowerEducationDetailsTest.java:13)
at com.web.testCases.BorrowerEducationDetailsTest.enterValidEducationDetails(BorrowerEducationDetailsTest.java:13)
at com.web.testCases.BorrowerEducationDetailsTest.enterValidEducationDetails(BorrowerEducationDetailsTest.java:13)
at com.web.testCases.BorrowerEducationDetailsTest.enterValidEducationDetails(BorrowerEducationDetailsTest.java:13)
at com.web.testCases.BorrowerEducationDetailsTest.enterValidEducationDetails(BorrowerEducationDetailsTest.java:13)
at com.web.testCases.BorrowerEducationDetailsTest.enterValidEducationDetails(BorrowerEducationDetailsTest.java:13)
at com.web.testCases.BorrowerEducationDetailsTest.enterValidEducationDetails(BorrowerEducationDetailsTest.java:13)
at com.web.testCases.BorrowerEducationDetailsTest.enterValidEducationDetails(BorrowerEducationDetailsTest.java:13)
at com.web.testCases.BorrowerEducationDetailsTest.enterValidEducationDetails(BorrowerEducationDetailsTest.java:13)
at com.web.testCases.BorrowerEducationDetailsTest.enterValidEducationDetails(BorrowerEducationDetailsTest.java:13)
at com.web.testCases.BorrowerEducationDetailsTest.enterValidEducationDetails(BorrowerEducationDetailsTest.java:13)
at com.web.testCases.BorrowerEducationDetailsTest.enterValidEducationDetails(BorrowerEducationDetailsTest.java:13)
at com.web.testCases.BorrowerEducationDetailsTest.enterValidEducationDetails(BorrowerEducationDetailsTest.java:13)
at com.web.testCases.BorrowerEducationDetailsTest.enterValidEducationDetails(BorrowerEducationDetailsTest.java:13)
at com.web.testCases.BorrowerEducationDetailsTest.enterValidEducationDetails(BorrowerEducationDetailsTest.java:13)
at com.web.testCases.BorrowerEducationDetailsTest.enterValidEducationDetails(BorrowerEducationDetailsTest.java:13)
at com.web.testCases.BorrowerEducationDetailsTest.enterValidEducationDetails(BorrowerEducationDetailsTest.java:13)
at com.web.testCases.BorrowerEducationDetailsTest.enterValidEducationDetails(BorrowerEducationDetailsTest.java:13)
at com.web.testCases.BorrowerEducationDetailsTest.enterValidEducationDetails(BorrowerEducationDetailsTest.java:13)
at com.web.testCases.BorrowerEducationDetailsTest.enterValidEducationDetails(BorrowerEducationDetailsTest.java:13)
at com.web.testCases.BorrowerEducationDetailsTest.enterValidEducationDetails(BorrowerEducationDetailsTest.java:13)
at com.web.testCases.BorrowerEducationDetailsTest.enterValidEducationDetails(BorrowerEducationDetailsTest.java:13)
at com.web.testCases.BorrowerEducationDetailsTest.enterValidEducationDetails(BorrowerEducationDetailsTest.java:13)
at com.web.testCases.BorrowerEducationDetailsTest.enterValidEducationDetails(BorrowerEducationDetailsTest.java:13)
at com.web.testCases.BorrowerEducationDetailsTest.enterValidEducationDetails(BorrowerEducationDetailsTest.java:13)
at com.web.testCases.BorrowerEducationDetailsTest.enterValidEducationDetails(BorrowerEducationDetailsTest.java:13)
at com.web.testCases.BorrowerEducationDetailsTest.enterValidEducationDetails(BorrowerEducationDetailsTest.java:13)
at com.web.testCases.BorrowerEducationDetailsTest.enterValidEducationDetails(BorrowerEducationDetailsTest.java:13)
at com.web.testCases.BorrowerEducationDetailsTest.enterValidEducationDetails(BorrowerEducationDetailsTest.java:13)
at com.web.testCases.BorrowerEducationDetailsTest.enterValidEducationDetails(BorrowerEducationDetailsTest.java:13)
at com.web.testCases.BorrowerEducationDetailsTest.enterValidEducationDetails(BorrowerEducationDetailsTest.java:13)
at com.web.testCases.BorrowerEducationDetailsTest.enterValidEducationDetails(BorrowerEducationDetailsTest.java:13)
at com.web.testCases.BorrowerEducationDetailsTest.enterValidEducationDetails(BorrowerEducationDetailsTest.java:13)
at com.web.testCases.BorrowerEducationDetailsTest.enterValidEducationDetails(BorrowerEducationDetailsTest.java:13)
at com.web.testCases.BorrowerEducationDetailsTest.enterValidEducationDetails(BorrowerEducationDetailsTest.java:13)
at com.web.testCases.BorrowerEducationDetailsTest.enterValidEducationDetails(BorrowerEducationDetailsTest.java:13)
at com.web.testCases.BorrowerEducationDetailsTest.enterValidEducationDetails(BorrowerEducationDetailsTest.java:13)
at com.web.testCases.BorrowerEducationDetailsTest.enterValidEducationDetails(BorrowerEducationDetailsTest.java:13)
at com.web.testCases.BorrowerEducationDetailsTest.enterValidEducationDetails(BorrowerEducationDetailsTest.java:13)
at com.web.testCases.BorrowerEducationDetailsTest.enterValidEducationDetails(BorrowerEducationDetailsTest.java:13)
at com.web.testCases.BorrowerEducationDetailsTest.enterValidEducationDetails(BorrowerEducationDetailsTest.java:13)
at com.web.testCases.BorrowerEducationDetailsTest.enterValidEducationDetails(BorrowerEducationDetailsTest.java:13)
at com.web.testCases.BorrowerEducationDetailsTest.enterValidEducationDetails(BorrowerEducationDetailsTest.java:13)
at com.web.testCases.BorrowerEducationDetailsTest.enterValidEducationDetails(BorrowerEducationDetailsTest.java:13)
at com.web.testCases.BorrowerEducationDetailsTest.enterValidEducationDetails(BorrowerEducationDetailsTest.java:13)
at com.web.testCases.BorrowerEducationDetailsTest.enterValidEducationDetails(BorrowerEducationDetailsTest.java:13)
at com.web.testCases.BorrowerEducationDetailsTest.enterValidEducationDetails(BorrowerEducationDetailsTest.java:13)
at com.web.testCases.BorrowerEducationDetailsTest.enterValidEducationDetails(BorrowerEducationDetailsTest.java:13)
at com.web.testCases.BorrowerEducationDetailsTest.enterValidEducationDetails(BorrowerEducationDetailsTest.java:13)
at com.web.testCases.BorrowerEducationDetailsTest.enterValidEducationDetails(BorrowerEducationDetailsTest.java:13)
at com.web.testCases.BorrowerEducationDetailsTest.enterValidEducationDetails(BorrowerEducationDetailsTest.java:13)
at com.web.testCases.BorrowerEducationDetailsTest.enterValidEducationDetails(BorrowerEducationDetailsTest.java:13)
at com.web.testCases.BorrowerEducationDetailsTest.enterValidEducationDetails(BorrowerEducationDetailsTest.java:13)
at com.web.testCases.BorrowerEducationDetailsTest.enterValidEducationDetails(BorrowerEducationDetailsTest.java:13)
at com.web.testCases.BorrowerEducationDetailsTest.enterValidEducationDetails(BorrowerEducationDetailsTest.java:13)
at com.web.testCases.BorrowerEducationDetailsTest.enterValidEducationDetails(BorrowerEducationDetailsTest.java:13)
at com.web.testCases.BorrowerEducationDetailsTest.enterValidEducationDetails(BorrowerEducationDetailsTest.java:13)
at com.web.testCases.BorrowerEducationDetailsTest.enterValidEducationDetails(BorrowerEducationDetailsTest.java:13)
at com.web.testCases.BorrowerEducationDetailsTest.enterValidEducationDetails(BorrowerEducationDetailsTest.java:13)
at com.web.testCases.BorrowerEducationDetailsTest.enterValidEducationDetails(BorrowerEducationDetailsTest.java:13)
at com.web.testCases.BorrowerEducationDetailsTest.enterValidEducationDetails(BorrowerEducationDetailsTest.java:13)
at com.web.testCases.BorrowerEducationDetailsTest.enterValidEducationDetails(BorrowerEducationDetailsTest.java:13)
at com.web.testCases.BorrowerEducationDetailsTest.enterValidEducationDetails(BorrowerEducationDetailsTest.java:13)
at com.web.testCases.BorrowerEducationDetailsTest.enterValidEducationDetails(BorrowerEducationDetailsTest.java:13)
at com.web.testCases.BorrowerEducationDetailsTest.enterValidEducationDetails(BorrowerEducationDetailsTest.java:13)
at com.web.testCases.BorrowerEducationDetailsTest.enterValidEducationDetails(BorrowerEducationDetailsTest.java:13)
at com.web.testCases.BorrowerEducationDetailsTest.enterValidEducationDetails(BorrowerEducationDetailsTest.java:13)
at com.web.testCases.BorrowerEducationDetailsTest.enterValidEducationDetails(BorrowerEducationDetailsTest.java:13)
at com.web.testCases.BorrowerEducationDetailsTest.enterValidEducationDetails(BorrowerEducationDetailsTest.java:13)
at com.web.testCases.BorrowerEducationDetailsTest.enterValidEducationDetails(BorrowerEducationDetailsTest.java:13)
at com.web.testCases.BorrowerEducationDetailsTest.enterValidEducationDetails(BorrowerEducationDetailsTest.java:13)
at com.web.testCases.BorrowerEducationDetailsTest.enterValidEducationDetails(BorrowerEducationDetailsTest.java:13)
at com.web.testCases.BorrowerEducationDetailsTest.enterValidEducationDetails(BorrowerEducationDetailsTest.java:13)
at com.web.testCases.BorrowerEducationDetailsTest.enterValidEducationDetails(BorrowerEducationDetailsTest.java:13)
at com.web.testCases.BorrowerEducationDetailsTest.enterValidEducationDetails(BorrowerEducationDetailsTest.java:13)
at com.web.testCases.BorrowerEducationDetailsTest.enterValidEducationDetails(BorrowerEducationDetailsTest.java:13)
at com.web.testCases.BorrowerEducationDetailsTest.enterValidEducationDetails(BorrowerEducationDetailsTest.java:13)
at com.web.testCases.BorrowerEducationDetailsTest.enterValidEducationDetails(BorrowerEducationDetailsTest.java:13)
at com.web.testCases.BorrowerEducationDetailsTest.enterValidEducationDetails(BorrowerEducationDetailsTest.java:13)
at com.web.testCases.BorrowerEducationDetailsTest.enterValidEducationDetails(BorrowerEducationDetailsTest.java:13)
at com.web.testCases.BorrowerEducationDetailsTest.enterValidEducationDetails(BorrowerEducationDetailsTest.java:13)
at com.web.testCases.BorrowerEducationDetailsTest.enterValidEducationDetails(BorrowerEducationDetailsTest.java:13)
at com.web.testCases.BorrowerEducationDetailsTest.enterValidEducationDetails(BorrowerEducationDetailsTest.java:13)
at com.web.testCases.BorrowerEducationDetailsTest.enterValidEducationDetails(BorrowerEducationDetailsTest.java:13)
at com.web.testCases.BorrowerEducationDetailsTest.enterValidEducationDetails(BorrowerEducationDetailsTest.java:13)
at com.web.testCases.BorrowerEducationDetailsTest.enterValidEducationDetails(BorrowerEducationDetailsTest.java:13)
at com.web.testCases.BorrowerEducationDetailsTest.enterValidEducationDetails(BorrowerEducationDetailsTest.java:13)
at com.web.testCases.BorrowerEducationDetailsTest.enterValidEducationDetails(BorrowerEducationDetailsTest.java:13)
at com.web.testCases.BorrowerEducationDetailsTest.enterValidEducationDetails(BorrowerEducationDetailsTest.java:13)
at com.web.testCases.BorrowerEducationDetailsTest.enterValidEducationDetails(BorrowerEducationDetailsTest.java:13)
at com.web.testCases.BorrowerEducationDetailsTest.enterValidEducationDetails(BorrowerEducationDetailsTest.java:13)
at com.web.testCases.BorrowerEducationDetailsTest.enterValidEducationDetails(BorrowerEducationDetailsTest.java:13)
at com.web.testCases.BorrowerEducationDetailsTest.enterValidEducationDetails(BorrowerEducationDetailsTest.java:13)
at com.web.testCases.BorrowerEducationDetailsTest.enterValidEducationDetails(BorrowerEducationDetailsTest.java:13)
at com.web.testCases.BorrowerEducationDetailsTest.enterValidEducationDetails(BorrowerEducationDetailsTest.java:13)
at com.web.testCases.BorrowerEducationDetailsTest.enterValidEducationDetails(BorrowerEducationDetailsTest.java:13)
at com.web.testCases.BorrowerEducationDetailsTest.enterValidEducationDetails(BorrowerEducationDetailsTest.java:13)
at com.web.testCases.BorrowerEducationDetailsTest.enterValidEducationDetails(BorrowerEducationDetailsTest.java:13)
at com.web.testCases.BorrowerEducationDetailsTest.enterValidEducationDetails(BorrowerEducationDetailsTest.java:13)
at com.web.testCases.BorrowerEducationDetailsTest.enterValidEducationDetails(BorrowerEducationDetailsTest.java:13)
at com.web.testCases.BorrowerEducationDetailsTest.enterValidEducationDetails(BorrowerEducationDetailsTest.java:13)
at com.web.testCases.BorrowerEducationDetailsTest.enterValidEducationDetails(BorrowerEducationDetailsTest.java:13)
at com.web.testCases.BorrowerEducationDetailsTest.enterValidEducationDetails(BorrowerEducationDetailsTest.java:13)
at com.web.testCases.BorrowerEducationDetailsTest.enterValidEducationDetails(BorrowerEducationDetailsTest.java:13)
at com.web.testCases.BorrowerEducationDetailsTest.enterValidEducationDetails(BorrowerEducationDetailsTest.java:13)
at com.web.testCases.BorrowerEducationDetailsTest.enterValidEducationDetails(BorrowerEducationDetailsTest.java:13)
at com.web.testCases.BorrowerEducationDetailsTest.enterValidEducationDetails(BorrowerEducationDetailsTest.java:13)
at com.web.testCases.BorrowerEducationDetailsTest.enterValidEducationDetails(BorrowerEducationDetailsTest.java:13)
at com.web.testCases.BorrowerEducationDetailsTest.enterValidEducationDetails(BorrowerEducationDetailsTest.java:13)
at com.web.testCases.BorrowerEducationDetailsTest.enterValidEducationDetails(BorrowerEducationDetailsTest.java:13)
at com.web.testCases.BorrowerEducationDetailsTest.enterValidEducationDetails(BorrowerEducationDetailsTest.java:13)
at com.web.testCases.BorrowerEducationDetailsTest.enterValidEducationDetails(BorrowerEducationDetailsTest.java:13)
at com.web.testCases.BorrowerEducationDetailsTest.enterValidEducationDetails(BorrowerEducationDetailsTest.java:13)
at com.web.testCases.BorrowerEducationDetailsTest.enterValidEducationDetails(BorrowerEducationDetailsTest.java:13)
at com.web.testCases.BorrowerEducationDetailsTest.enterValidEducationDetails(BorrowerEducationDetailsTest.java:13)
at com.web.testCases.BorrowerEducationDetailsTest.enterValidEducationDetails(BorrowerEducationDetailsTest.java:13)
at com.web.testCases.BorrowerEducationDetailsTest.enterValidEducationDetails(BorrowerEducationDetailsTest.java:13)
at com.web.testCases.BorrowerEducationDetailsTest.enterValidEducationDetails(BorrowerEducationDetailsTest.java:13)
at com.web.testCases.BorrowerEducationDetailsTest.enterValidEducationDetails(BorrowerEducationDetailsTest.java:13)
at com.web.testCases.BorrowerEducationDetailsTest.enterValidEducationDetails(BorrowerEducationDetailsTest.java:13)
at com.web.testCases.BorrowerEducationDetailsTest.enterValidEducationDetails(BorrowerEducationDetailsTest.java:13)
at com.web.testCases.BorrowerEducationDetailsTest.enterValidEducationDetails(BorrowerEducationDetailsTest.java:13)
at com.web.testCases.BorrowerEducationDetailsTest.enterValidEducationDetails(BorrowerEducationDetailsTest.java:13)
at com.web.testCases.BorrowerEducationDetailsTest.enterValidEducationDetails(BorrowerEducationDetailsTest.java:13)
at com.web.testCases.BorrowerEducationDetailsTest.enterValidEducationDetails(BorrowerEducationDetailsTest.java:13)
at com.web.testCases.BorrowerEducationDetailsTest.enterValidEducationDetails(BorrowerEducationDetailsTest.java:13)
at com.web.testCases.BorrowerEducationDetailsTest.enterValidEducationDetails(BorrowerEducationDetailsTest.java:13)
at com.web.testCases.BorrowerEducationDetailsTest.enterValidEducationDetails(BorrowerEducationDetailsTest.java:13)
at com.web.testCases.BorrowerEducationDetailsTest.enterValidEducationDetails(BorrowerEducationDetailsTest.java:13)
at com.web.testCases.BorrowerEducationDetailsTest.enterValidEducationDetails(BorrowerEducationDetailsTest.java:13)
at com.web.testCases.BorrowerEducationDetailsTest.enterValidEducationDetails(BorrowerEducationDetailsTest.java:13)
at com.web.testCases.BorrowerEducationDetailsTest.enterValidEducationDetails(BorrowerEducationDetailsTest.java:13)
at com.web.testCases.BorrowerEducationDetailsTest.enterValidEducationDetails(BorrowerEducationDetailsTest.java:13)
at com.web.testCases.BorrowerEducationDetailsTest.enterValidEducationDetails(BorrowerEducationDetailsTest.java:13)
at com.web.testCases.BorrowerEducationDetailsTest.enterValidEducationDetails(BorrowerEducationDetailsTest.java:13)
at com.web.testCases.BorrowerEducationDetailsTest.enterValidEducationDetails(BorrowerEducationDetailsTest.java:13)
at com.web.testCases.BorrowerEducationDetailsTest.enterValidEducationDetails(BorrowerEducationDetailsTest.java:13)
at com.web.testCases.BorrowerEducationDetailsTest.enterValidEducationDetails(BorrowerEducationDetailsTest.java:13)
at com.web.testCases.BorrowerEducationDetailsTest.enterValidEducationDetails(BorrowerEducationDetailsTest.java:13)
at com.web.testCases.BorrowerEducationDetailsTest.enterValidEducationDetails(BorrowerEducationDetailsTest.java:13)
at com.web.testCases.BorrowerEducationDetailsTest.enterValidEducationDetails(BorrowerEducationDetailsTest.java:13)
at com.web.testCases.BorrowerEducationDetailsTest.enterValidEducationDetails(BorrowerEducationDetailsTest.java:13)
at com.web.testCases.BorrowerEducationDetailsTest.enterValidEducationDetails(BorrowerEducationDetailsTest.java:13)
at com.web.testCases.BorrowerEducationDetailsTest.enterValidEducationDetails(BorrowerEducationDetailsTest.java:13)
at com.web.testCases.BorrowerEducationDetailsTest.enterValidEducationDetails(BorrowerEducationDetailsTest.java:13)
at com.web.testCases.BorrowerEducationDetailsTest.enterValidEducationDetails(BorrowerEducationDetailsTest.java:13)
at com.web.testCases.BorrowerEducationDetailsTest.enterValidEducationDetails(BorrowerEducationDetailsTest.java:13)
at com.web.testCases.BorrowerEducationDetailsTest.enterValidEducationDetails(BorrowerEducationDetailsTest.java:13)
at com.web.testCases.BorrowerEducationDetailsTest.enterValidEducationDetails(BorrowerEducationDetailsTest.java:13)
at com.web.testCases.BorrowerEducationDetailsTest.enterValidEducationDetails(BorrowerEducationDetailsTest.java:13)
[...]
at com.web.testCases.BorrowerEducationDetailsTest.enterValidEducationDetails(BorrowerEducationDetailsTest.java:13)
at com.web.testCases.BorrowerEducationDetailsTest.enterValidEducationDetails(BorrowerEducationDetailsTest.java:13)
at com.web.testCases.BorrowerEducationDetailsTest.enterValidEducationDetails(BorrowerEducationDetailsTest.java:13)
at com.web.testCases.BorrowerEducationDetailsTest.enterValidEducationDetails(BorrowerEducationDetailsTest.java:13)
at com.web.testCases.BorrowerEducationDetailsTest.enterValidEducationDetails(BorrowerEducationDetailsTest.java:13)
at com.web.testCases.BorrowerEducationDetailsTest.enterValidEducationDetails(BorrowerEducationDetailsTest.java:13)
at com.web.testCases.BorrowerEducationDetailsTest.enterValidEducationDetails(BorrowerEducationDetailsTest.java:13)
at com.web.testCases.BorrowerEducationDetailsTest.enterValidEducationDetails(BorrowerEducationDetailsTest.java:13)
at com.web.testCases.BorrowerEducationDetailsTest.enterValidEducationDetails(BorrowerEducationDetailsTest.java:13)
at com.web.testCases.BorrowerEducationDetailsTest.enterValidEducationDetails(BorrowerEducationDetailsTest.java:13)
at com.web.testCases.BorrowerEducationDetailsTest.enterValidEducationDetails(BorrowerEducationDetailsTest.java:13)
at com.web.testCases.BorrowerEducationDetailsTest.enterValidEducationDetails(BorrowerEducationDetailsTest.java:13)
at com.web.testCases.BorrowerEducationDetailsTest.enterValidEducationDetails(BorrowerEducationDetailsTest.java:13)
at com.web.testCases.BorrowerEducationDetailsTest.enterValidEducationDetails(BorrowerEducationDetailsTest.java:13)
at com.web.testCases.BorrowerEducationDetailsTest.enterValidEducationDetails(BorrowerEducationDetailsTest.java:13)
at com.web.testCases.BorrowerEducationDetailsTest.enterValidEducationDetails(BorrowerEducationDetailsTest.java:13)
at com.web.testCases.BorrowerEducationDetailsTest.enterValidEducationDetails(BorrowerEducationDetailsTest.java:13)
at com.web.testCases.BorrowerEducationDetailsTest.enterValidEducationDetails(BorrowerEducationDetailsTest.java:13)
at com.web.testCases.BorrowerEducationDetailsTest.enterValidEducationDetails(BorrowerEducationDetailsTest.java:13)
at com.web.testCases.BorrowerEducationDetailsTest.enterValidEducationDetails(BorrowerEducationDetailsTest.java:13)
at com.web.testCases.BorrowerEducationDetailsTest.enterValidEducationDetails(BorrowerEducationDetailsTest.java:13)
at com.web.testCases.BorrowerEducationDetailsTest.enterValidEducationDetails(BorrowerEducationDetailsTest.java:13)
at com.web.testCases.BorrowerEducationDetailsTest.enterValidEducationDetails(BorrowerEducationDetailsTest.java:13)
at com.web.testCases.BorrowerEducationDetailsTest.enterValidEducationDetails(BorrowerEducationDetailsTest.java:13)
at com.web.testCases.BorrowerEducationDetailsTest.enterValidEducationDetails(BorrowerEducationDetailsTest.java:13)
at com.web.testCases.BorrowerEducationDetailsTest.enterValidEducationDetails(BorrowerEducationDetailsTest.java:13)
at com.web.testCases.BorrowerEducationDetailsTest.enterValidEducationDetails(BorrowerEducationDetailsTest.java:13)
at com.web.testCases.BorrowerEducationDetailsTest.enterValidEducationDetails(BorrowerEducationDetailsTest.java:13)
at com.web.testCases.BorrowerEducationDetailsTest.enterValidEducationDetails(BorrowerEducationDetailsTest.java:13)
at com.web.testCases.BorrowerEducationDetailsTest.enterValidEducationDetails(BorrowerEducationDetailsTest.java:13)
at com.web.testCases.BorrowerEducationDetailsTest.enterValidEducationDetails(BorrowerEducationDetailsTest.java:13)
at com.web.testCases.BorrowerEducationDetailsTest.enterValidEducationDetails(BorrowerEducationDetailsTest.java:13)
at com.web.testCases.BorrowerEducationDetailsTest.enterValidEducationDetails(BorrowerEducationDetailsTest.java:13)
at com.web.testCases.BorrowerEducationDetailsTest.enterValidEducationDetails(BorrowerEducationDetailsTest.java:13)
at com.web.testCases.BorrowerEducationDetailsTest.enterValidEducationDetails(BorrowerEducationDetailsTest.java:13)
at com.web.testCases.BorrowerEducationDetailsTest.enterValidEducationDetails(BorrowerEducationDetailsTest.java:13)
at com.web.testCases.BorrowerEducationDetailsTest.enterValidEducationDetails(BorrowerEducationDetailsTest.java:13)
at com.web.testCases.BorrowerEducationDetailsTest.enterValidEducationDetails(BorrowerEducationDetailsTest.java:13)
at com.web.testCases.BorrowerEducationDetailsTest.enterValidEducationDetails(BorrowerEducationDetailsTest.java:13)
at com.web.testCases.BorrowerEducationDetailsTest.enterValidEducationDetails(BorrowerEducationDetailsTest.java:13)
at com.web.testCases.BorrowerEducationDetailsTest.enterValidEducationDetails(BorrowerEducationDetailsTest.java:13)
at com.web.testCases.BorrowerEducationDetailsTest.enterValidEducationDetails(BorrowerEducationDetailsTest.java:13)
at com.web.testCases.BorrowerEducationDetailsTest.enterValidEducationDetails(BorrowerEducationDetailsTest.java:13)
at com.web.testCases.BorrowerEducationDetailsTest.enterValidEducationDetails(BorrowerEducationDetailsTest.java:13)
at com.web.testCases.BorrowerEducationDetailsTest.enterValidEducationDetails(BorrowerEducationDetailsTest.java:13)
at com.web.testCases.BorrowerEducationDetailsTest.enterValidEducationDetails(BorrowerEducationDetailsTest.java:13)
at com.web.testCases.BorrowerEducationDetailsTest.enterValidEducationDetails(BorrowerEducationDetailsTest.java:13)
at com.web.testCases.BorrowerEducationDetailsTest.enterValidEducationDetails(BorrowerEducationDetailsTest.java:13)
at com.web.testCases.BorrowerEducationDetailsTest.enterValidEducationDetails(BorrowerEducationDetailsTest.java:13)
at com.web.testCases.BorrowerEducationDetailsTest.enterValidEducationDetails(BorrowerEducationDetailsTest.java:13)
at com.web.testCases.BorrowerEducationDetailsTest.enterValidEducationDetails(BorrowerEducationDetailsTest.java:13)
at com.web.testCases.BorrowerEducationDetailsTest.enterValidEducationDetails(BorrowerEducationDetailsTest.java:13)
at com.web.testCases.BorrowerEducationDetailsTest.enterValidEducationDetails(BorrowerEducationDetailsTest.java:13)
at com.web.testCases.BorrowerEducationDetailsTest.enterValidEducationDetails(BorrowerEducationDetailsTest.java:13)
at com.web.testCases.BorrowerEducationDetailsTest.enterValidEducationDetails(BorrowerEducationDetailsTest.java:13)
at com.web.testCases.BorrowerEducationDetailsTest.enterValidEducationDetails(BorrowerEducationDetailsTest.java:13)
at com.web.testCases.BorrowerEducationDetailsTest.enterValidEducationDetails(BorrowerEducationDetailsTest.java:13)
at com.web.testCases.BorrowerEducationDetailsTest.enterValidEducationDetails(BorrowerEducationDetailsTest.java:13)
at com.web.testCases.BorrowerEducationDetailsTest.enterValidEducationDetails(BorrowerEducationDetailsTest.java:13)
at com.web.testCases.BorrowerEducationDetailsTest.enterValidEducationDetails(BorrowerEducationDetailsTest.java:13)
at com.web.testCases.BorrowerEducationDetailsTest.enterValidEducationDetails(BorrowerEducationDetailsTest.java:13)
at com.web.testCases.BorrowerEducationDetailsTest.enterValidEducationDetails(BorrowerEducationDetailsTest.java:13)
at com.web.testCases.BorrowerEducationDetailsTest.enterValidEducationDetails(BorrowerEducationDetailsTest.java:13)
at com.web.testCases.BorrowerEducationDetailsTest.enterValidEducationDetails(BorrowerEducationDetailsTest.java:13)
at com.web.testCases.BorrowerEducationDetailsTest.enterValidEducationDetails(BorrowerEducationDetailsTest.java:13)
at com.web.testCases.BorrowerEducationDetailsTest.enterValidEducationDetails(BorrowerEducationDetailsTest.java:13)
at com.web.testCases.BorrowerEducationDetailsTest.enterValidEducationDetails(BorrowerEducationDetailsTest.java:13)
at com.web.testCases.BorrowerEducationDetailsTest.enterValidEducationDetails(BorrowerEducationDetailsTest.java:13)
at com.web.testCases.BorrowerEducationDetailsTest.enterValidEducationDetails(BorrowerEducationDetailsTest.java:13)
at com.web.testCases.BorrowerEducationDetailsTest.enterValidEducationDetails(BorrowerEducationDetailsTest.java:13)
at com.web.testCases.BorrowerEducationDetailsTest.enterValidEducationDetails(BorrowerEducationDetailsTest.java:13)
at com.web.testCases.BorrowerEducationDetailsTest.enterValidEducationDetails(BorrowerEducationDetailsTest.java:13)
at com.web.testCases.BorrowerEducationDetailsTest.enterValidEducationDetails(BorrowerEducationDetailsTest.java:13)
at com.web.testCases.BorrowerEducationDetailsTest.enterValidEducationDetails(BorrowerEducationDetailsTest.java:13)
at com.web.testCases.BorrowerEducationDetailsTest.enterValidEducationDetails(BorrowerEducationDetailsTest.java:13)
at com.web.testCases.BorrowerEducationDetailsTest.enterValidEducationDetails(BorrowerEducationDetailsTest.java:13)
at com.web.testCases.BorrowerEducationDetailsTest.enterValidEducationDetails(BorrowerEducationDetailsTest.java:13)
at com.web.testCases.BorrowerEducationDetailsTest.enterValidEducationDetails(BorrowerEducationDetailsTest.java:13)
at com.web.testCases.BorrowerEducationDetailsTest.enterValidEducationDetails(BorrowerEducationDetailsTest.java:13)
at com.web.testCases.BorrowerEducationDetailsTest.enterValidEducationDetails(BorrowerEducationDetailsTest.java:13)
at com.web.testCases.BorrowerEducationDetailsTest.enterValidEducationDetails(BorrowerEducationDetailsTest.java:13)
at com.web.testCases.BorrowerEducationDetailsTest.enterValidEducationDetails(BorrowerEducationDetailsTest.java:13)
at com.web.testCases.BorrowerEducationDetailsTest.enterValidEducationDetails(BorrowerEducationDetailsTest.java:13)
at com.web.testCases.BorrowerEducationDetailsTest.enterValidEducationDetails(BorrowerEducationDetailsTest.java:13)
at com.web.testCases.BorrowerEducationDetailsTest.enterValidEducationDetails(BorrowerEducationDetailsTest.java:13)
at com.web.testCases.BorrowerEducationDetailsTest.enterValidEducationDetails(BorrowerEducationDetailsTest.java:13)
at com.web.testCases.BorrowerEducationDetailsTest.enterValidEducationDetails(BorrowerEducationDetailsTest.java:13)
at com.web.testCases.BorrowerEducationDetailsTest.enterValidEducationDetails(BorrowerEducationDetailsTest.java:13)
at com.web.testCases.BorrowerEducationDetailsTest.enterValidEducationDetails(BorrowerEducationDetailsTest.java:13)
at com.web.testCases.BorrowerEducationDetailsTest.enterValidEducationDetails(BorrowerEducationDetailsTest.java:13)
at com.web.testCases.BorrowerEducationDetailsTest.enterValidEducationDetails(BorrowerEducationDetailsTest.java:13)
at com.web.testCases.BorrowerEducationDetailsTest.enterValidEducationDetails(BorrowerEducationDetailsTest.java:13)
at com.web.testCases.BorrowerEducationDetailsTest.enterValidEducationDetails(BorrowerEducationDetailsTest.java:13)
at com.web.testCases.BorrowerEducationDetailsTest.enterValidEducationDetails(BorrowerEducationDetailsTest.java:13)
at com.web.testCases.BorrowerEducationDetailsTest.enterValidEducationDetails(BorrowerEducationDetailsTest.java:13)
at com.web.testCases.BorrowerEducationDetailsTest.enterValidEducationDetails(BorrowerEducationDetailsTest.java:13)
at com.web.testCases.BorrowerEducationDetailsTest.enterValidEducationDetails(BorrowerEducationDetailsTest.java:13)
at com.web.testCases.BorrowerEducationDetailsTest.enterValidEducationDetails(BorrowerEducationDetailsTest.java:13)
at com.web.testCases.BorrowerEducationDetailsTest.enterValidEducationDetails(BorrowerEducationDetailsTest.java:13)
at com.web.testCases.BorrowerEducationDetailsTest.enterValidEducationDetails(BorrowerEducationDetailsTest.java:13)
at com.web.testCases.BorrowerEducationDetailsTest.enterValidEducationDetails(BorrowerEducationDetailsTest.java:13)
at com.web.testCases.BorrowerEducationDetailsTest.enterValidEducationDetails(BorrowerEducationDetailsTest.java:13)
at com.web.testCases.BorrowerEducationDetailsTest.enterValidEducationDetails(BorrowerEducationDetailsTest.java:13)
at com.web.testCases.BorrowerEducationDetailsTest.enterValidEducationDetails(BorrowerEducationDetailsTest.java:13)
at com.web.testCases.BorrowerEducationDetailsTest.enterValidEducationDetails(BorrowerEducationDetailsTest.java:13)
at com.web.testCases.BorrowerEducationDetailsTest.enterValidEducationDetails(BorrowerEducationDetailsTest.java:13)
at com.web.testCases.BorrowerEducationDetailsTest.enterValidEducationDetails(BorrowerEducationDetailsTest.java:13)
at com.web.testCases.BorrowerEducationDetailsTest.enterValidEducationDetails(BorrowerEducationDetailsTest.java:13)
at com.web.testCases.BorrowerEducationDetailsTest.enterValidEducationDetails(BorrowerEducationDetailsTest.java:13)
at com.web.testCases.BorrowerEducationDetailsTest.enterValidEducationDetails(BorrowerEducationDetailsTest.java:13)
at com.web.testCases.BorrowerEducationDetailsTest.enterValidEducationDetails(BorrowerEducationDetailsTest.java:13)
at com.web.testCases.BorrowerEducationDetailsTest.enterValidEducationDetails(BorrowerEducationDetailsTest.java:13)
at com.web.testCases.BorrowerEducationDetailsTest.enterValidEducationDetails(BorrowerEducationDetailsTest.java:13)
at com.web.testCases.BorrowerEducationDetailsTest.enterValidEducationDetails(BorrowerEducationDetailsTest.java:13)
at com.web.testCases.BorrowerEducationDetailsTest.enterValidEducationDetails(BorrowerEducationDetailsTest.java:13)
at com.web.testCases.BorrowerEducationDetailsTest.enterValidEducationDetails(BorrowerEducationDetailsTest.java:13)
at com.web.testCases.BorrowerEducationDetailsTest.enterValidEducationDetails(BorrowerEducationDetailsTest.java:13)
at com.web.testCases.BorrowerEducationDetailsTest.enterValidEducationDetails(BorrowerEducationDetailsTest.java:13)
at com.web.testCases.BorrowerEducationDetailsTest.enterValidEducationDetails(BorrowerEducationDetailsTest.java:13)
at com.web.testCases.BorrowerEducationDetailsTest.enterValidEducationDetails(BorrowerEducationDetailsTest.java:13)
at com.web.testCases.BorrowerEducationDetailsTest.enterValidEducationDetails(BorrowerEducationDetailsTest.java:13)
at com.web.testCases.BorrowerEducationDetailsTest.enterValidEducationDetails(BorrowerEducationDetailsTest.java:13)
at com.web.testCases.BorrowerEducationDetailsTest.enterValidEducationDetails(BorrowerEducationDetailsTest.java:13)
at com.web.testCases.BorrowerEducationDetailsTest.enterValidEducationDetails(BorrowerEducationDetailsTest.java:13)
at com.web.testCases.BorrowerEducationDetailsTest.enterValidEducationDetails(BorrowerEducationDetailsTest.java:13)
at com.web.testCases.BorrowerEducationDetailsTest.enterValidEducationDetails(BorrowerEducationDetailsTest.java:13)
at com.web.testCases.BorrowerEducationDetailsTest.enterValidEducationDetails(BorrowerEducationDetailsTest.java:13)
at com.web.testCases.BorrowerEducationDetailsTest.enterValidEducationDetails(BorrowerEducationDetailsTest.java:13)
at com.web.testCases.BorrowerEducationDetailsTest.enterValidEducationDetails(BorrowerEducationDetailsTest.java:13)
at com.web.testCases.BorrowerEducationDetailsTest.enterValidEducationDetails(BorrowerEducationDetailsTest.java:13)
at com.web.testCases.BorrowerEducationDetailsTest.enterValidEducationDetails(BorrowerEducationDetailsTest.java:13)
at com.web.testCases.BorrowerEducationDetailsTest.enterValidEducationDetails(BorrowerEducationDetailsTest.java:13)
at com.web.testCases.BorrowerEducationDetailsTest.enterValidEducationDetails(BorrowerEducationDetailsTest.java:13)
at com.web.testCases.BorrowerEducationDetailsTest.enterValidEducationDetails(BorrowerEducationDetailsTest.java:13)
at com.web.testCases.BorrowerEducationDetailsTest.enterValidEducationDetails(BorrowerEducationDetailsTest.java:13)
at com.web.testCases.BorrowerEducationDetailsTest.enterValidEducationDetails(BorrowerEducationDetailsTest.java:13)
at com.web.testCases.BorrowerEducationDetailsTest.enterValidEducationDetails(BorrowerEducationDetailsTest.java:13)
at com.web.testCases.BorrowerEducationDetailsTest.enterValidEducationDetails(BorrowerEducationDetailsTest.java:13)
at com.web.testCases.BorrowerEducationDetailsTest.enterValidEducationDetails(BorrowerEducationDetailsTest.java:13)
at com.web.testCases.BorrowerEducationDetailsTest.enterValidEducationDetails(BorrowerEducationDetailsTest.java:13)
at com.web.testCases.BorrowerEducationDetailsTest.enterValidEducationDetails(BorrowerEducationDetailsTest.java:13)
at com.web.testCases.BorrowerEducationDetailsTest.enterValidEducationDetails(BorrowerEducationDetailsTest.java:13)
at com.web.testCases.BorrowerEducationDetailsTest.enterValidEducationDetails(BorrowerEducationDetailsTest.java:13)
at com.web.testCases.BorrowerEducationDetailsTest.enterValidEducationDetails(BorrowerEducationDetailsTest.java:13)
at com.web.testCases.BorrowerEducationDetailsTest.enterValidEducationDetails(BorrowerEducationDetailsTest.java:13)
at com.web.testCases.BorrowerEducationDetailsTest.enterValidEducationDetails(BorrowerEducationDetailsTest.java:13)
at com.web.testCases.BorrowerEducationDetailsTest.enterValidEducationDetails(BorrowerEducationDetailsTest.java:13)
at com.web.testCases.BorrowerEducationDetailsTest.enterValidEducationDetails(BorrowerEducationDetailsTest.java:13)
at com.web.testCases.BorrowerEducationDetailsTest.enterValidEducationDetails(BorrowerEducationDetailsTest.java:13)
at com.web.testCases.BorrowerEducationDetailsTest.enterValidEducationDetails(BorrowerEducationDetailsTest.java:13)
at com.web.testCases.BorrowerEducationDetailsTest.enterValidEducationDetails(BorrowerEducationDetailsTest.java:13)
at com.web.testCases.BorrowerEducationDetailsTest.enterValidEducationDetails(BorrowerEducationDetailsTest.java:13)
at com.web.testCases.BorrowerEducationDetailsTest.enterValidEducationDetails(BorrowerEducationDetailsTest.java:13)
at com.web.testCases.BorrowerEducationDetailsTest.enterValidEducationDetails(BorrowerEducationDetailsTest.java:13)
at com.web.testCases.BorrowerEducationDetailsTest.enterValidEducationDetails(BorrowerEducationDetailsTest.java:13)
at com.web.testCases.BorrowerEducationDetailsTest.enterValidEducationDetails(BorrowerEducationDetailsTest.java:13)
at com.web.testCases.BorrowerEducationDetailsTest.enterValidEducationDetails(BorrowerEducationDetailsTest.java:13)
at com.web.testCases.BorrowerEducationDetailsTest.enterValidEducationDetails(BorrowerEducationDetailsTest.java:13)
at com.web.testCases.BorrowerEducationDetailsTest.enterValidEducationDetails(BorrowerEducationDetailsTest.java:13)
at com.web.testCases.BorrowerEducationDetailsTest.enterValidEducationDetails(BorrowerEducationDetailsTest.java:13)
at com.web.testCases.BorrowerEducationDetailsTest.enterValidEducationDetails(BorrowerEducationDetailsTest.java:13)
at com.web.testCases.BorrowerEducationDetailsTest.enterValidEducationDetails(BorrowerEducationDetailsTest.java:13)
at com.web.testCases.BorrowerEducationDetailsTest.enterValidEducationDetails(BorrowerEducationDetailsTest.java:13)
at com.web.testCases.BorrowerEducationDetailsTest.enterValidEducationDetails(BorrowerEducationDetailsTest.java:13)
at com.web.testCases.BorrowerEducationDetailsTest.enterValidEducationDetails(BorrowerEducationDetailsTest.java:13)
at com.web.testCases.BorrowerEducationDetailsTest.enterValidEducationDetails(BorrowerEducationDetailsTest.java:13)
at com.web.testCases.BorrowerEducationDetailsTest.enterValidEducationDetails(BorrowerEducationDetailsTest.java:13)
at com.web.testCases.BorrowerEducationDetailsTest.enterValidEducationDetails(BorrowerEducationDetailsTest.java:13)
at com.web.testCases.BorrowerEducationDetailsTest.enterValidEducationDetails(BorrowerEducationDetailsTest.java:13)
at com.web.testCases.BorrowerEducationDetailsTest.enterValidEducationDetails(BorrowerEducationDetailsTest.java:13)
at com.web.testCases.BorrowerEducationDetailsTest.enterValidEducationDetails(BorrowerEducationDetailsTest.java:13)
at com.web.testCases.BorrowerEducationDetailsTest.enterValidEducationDetails(BorrowerEducationDetailsTest.java:13)
]]>
    </error>
  </testcase> <!-- enterValidEducationDetails -->
</testsuite> <!-- com.web.testCases.BorrowerEducationDetailsTest -->
